{"C:\\Users\\frend\\VSCodeProjects\\TechMagic\\Ordify\\ordify-backend\\controllers\\auth.controller.js": {"path":"C:\\Users\\frend\\VSCodeProjects\\TechMagic\\Ordify\\ordify-backend\\controllers\\auth.controller.js","statementMap":{"0":{"start":{"line":1,"column":29},"end":{"line":1,"column":57}},"1":{"start":{"line":2,"column":21},"end":{"line":2,"column":59}},"2":{"start":{"line":3,"column":20},"end":{"line":3,"column":55}},"3":{"start":{"line":7,"column":2},"end":{"line":18,"column":3}},"4":{"start":{"line":8,"column":18},"end":{"line":8,"column":39}},"5":{"start":{"line":9,"column":3},"end":{"line":11,"column":4}},"6":{"start":{"line":10,"column":4},"end":{"line":10,"column":70}},"7":{"start":{"line":13,"column":31},"end":{"line":13,"column":39}},"8":{"start":{"line":14,"column":20},"end":{"line":14,"column":63}},"9":{"start":{"line":15,"column":3},"end":{"line":15,"column":29}},"10":{"start":{"line":17,"column":3},"end":{"line":17,"column":11}},"11":{"start":{"line":22,"column":2},"end":{"line":28,"column":3}},"12":{"start":{"line":23,"column":26},"end":{"line":23,"column":41}},"13":{"start":{"line":24,"column":3},"end":{"line":24,"column":46}},"14":{"start":{"line":25,"column":3},"end":{"line":25,"column":49}},"15":{"start":{"line":27,"column":3},"end":{"line":27,"column":11}},"16":{"start":{"line":32,"column":2},"end":{"line":44,"column":3}},"17":{"start":{"line":33,"column":31},"end":{"line":33,"column":39}},"18":{"start":{"line":34,"column":20},"end":{"line":34,"column":60}},"19":{"start":{"line":35,"column":3},"end":{"line":40,"column":6}},"20":{"start":{"line":41,"column":3},"end":{"line":41,"column":29}},"21":{"start":{"line":43,"column":3},"end":{"line":43,"column":11}},"22":{"start":{"line":48,"column":2},"end":{"line":60,"column":3}},"23":{"start":{"line":49,"column":28},"end":{"line":49,"column":39}},"24":{"start":{"line":50,"column":20},"end":{"line":50,"column":59}},"25":{"start":{"line":51,"column":3},"end":{"line":56,"column":6}},"26":{"start":{"line":57,"column":3},"end":{"line":57,"column":29}},"27":{"start":{"line":59,"column":3},"end":{"line":59,"column":11}},"28":{"start":{"line":64,"column":2},"end":{"line":71,"column":3}},"29":{"start":{"line":65,"column":28},"end":{"line":65,"column":39}},"30":{"start":{"line":66,"column":21},"end":{"line":66,"column":59}},"31":{"start":{"line":67,"column":3},"end":{"line":67,"column":35}},"32":{"start":{"line":68,"column":3},"end":{"line":68,"column":30}},"33":{"start":{"line":70,"column":3},"end":{"line":70,"column":11}},"34":{"start":{"line":75,"column":0},"end":{"line":75,"column":38}}},"fnMap":{"0":{"name":"(anonymous_0)","decl":{"start":{"line":6,"column":1},"end":{"line":6,"column":2}},"loc":{"start":{"line":6,"column":32},"end":{"line":19,"column":2}},"line":6},"1":{"name":"(anonymous_1)","decl":{"start":{"line":21,"column":1},"end":{"line":21,"column":2}},"loc":{"start":{"line":21,"column":32},"end":{"line":29,"column":2}},"line":21},"2":{"name":"(anonymous_2)","decl":{"start":{"line":31,"column":1},"end":{"line":31,"column":2}},"loc":{"start":{"line":31,"column":29},"end":{"line":45,"column":2}},"line":31},"3":{"name":"(anonymous_3)","decl":{"start":{"line":47,"column":1},"end":{"line":47,"column":2}},"loc":{"start":{"line":47,"column":31},"end":{"line":61,"column":2}},"line":47},"4":{"name":"(anonymous_4)","decl":{"start":{"line":63,"column":1},"end":{"line":63,"column":2}},"loc":{"start":{"line":63,"column":30},"end":{"line":72,"column":2}},"line":63}},"branchMap":{"0":{"loc":{"start":{"line":9,"column":3},"end":{"line":11,"column":4}},"type":"if","locations":[{"start":{"line":9,"column":3},"end":{"line":11,"column":4}},{"start":{},"end":{}}],"line":9}},"s":{"0":1,"1":1,"2":1,"3":1,"4":1,"5":1,"6":0,"7":1,"8":1,"9":1,"10":0,"11":0,"12":0,"13":0,"14":0,"15":0,"16":5,"17":5,"18":5,"19":5,"20":5,"21":0,"22":2,"23":2,"24":2,"25":1,"26":1,"27":1,"28":1,"29":1,"30":1,"31":1,"32":1,"33":0,"34":1},"f":{"0":1,"1":0,"2":5,"3":2,"4":1},"b":{"0":[0,1]},"_coverageSchema":"1a1c01bbd47fc00a2c39e90264f33305004495a9","hash":"4983230ab6f3bfcdf032e142e8e8625d1e6626a1"}
,"C:\\Users\\frend\\VSCodeProjects\\TechMagic\\Ordify\\ordify-backend\\controllers\\customer.controller.js": {"path":"C:\\Users\\frend\\VSCodeProjects\\TechMagic\\Ordify\\ordify-backend\\controllers\\customer.controller.js","statementMap":{"0":{"start":{"line":1,"column":29},"end":{"line":1,"column":57}},"1":{"start":{"line":2,"column":21},"end":{"line":2,"column":59}},"2":{"start":{"line":3,"column":24},"end":{"line":3,"column":63}},"3":{"start":{"line":7,"column":2},"end":{"line":12,"column":3}},"4":{"start":{"line":8,"column":21},"end":{"line":8,"column":51}},"5":{"start":{"line":9,"column":3},"end":{"line":9,"column":30}},"6":{"start":{"line":11,"column":3},"end":{"line":11,"column":11}},"7":{"start":{"line":16,"column":2},"end":{"line":27,"column":3}},"8":{"start":{"line":17,"column":18},"end":{"line":17,"column":28}},"9":{"start":{"line":18,"column":20},"end":{"line":18,"column":53}},"10":{"start":{"line":20,"column":3},"end":{"line":22,"column":4}},"11":{"start":{"line":21,"column":4},"end":{"line":21,"column":34}},"12":{"start":{"line":24,"column":3},"end":{"line":24,"column":22}},"13":{"start":{"line":26,"column":3},"end":{"line":26,"column":11}},"14":{"start":{"line":31,"column":2},"end":{"line":42,"column":3}},"15":{"start":{"line":32,"column":18},"end":{"line":32,"column":39}},"16":{"start":{"line":33,"column":3},"end":{"line":35,"column":4}},"17":{"start":{"line":34,"column":4},"end":{"line":34,"column":70}},"18":{"start":{"line":37,"column":20},"end":{"line":37,"column":28}},"19":{"start":{"line":38,"column":27},"end":{"line":38,"column":65}},"20":{"start":{"line":39,"column":3},"end":{"line":39,"column":36}},"21":{"start":{"line":41,"column":3},"end":{"line":41,"column":11}},"22":{"start":{"line":46,"column":2},"end":{"line":61,"column":3}},"23":{"start":{"line":47,"column":33},"end":{"line":47,"column":41}},"24":{"start":{"line":48,"column":22},"end":{"line":48,"column":35}},"25":{"start":{"line":49,"column":27},"end":{"line":52,"column":4}},"26":{"start":{"line":54,"column":3},"end":{"line":56,"column":4}},"27":{"start":{"line":55,"column":4},"end":{"line":55,"column":34}},"28":{"start":{"line":58,"column":3},"end":{"line":58,"column":36}},"29":{"start":{"line":60,"column":3},"end":{"line":60,"column":11}},"30":{"start":{"line":65,"column":2},"end":{"line":76,"column":3}},"31":{"start":{"line":66,"column":22},"end":{"line":66,"column":35}},"32":{"start":{"line":67,"column":27},"end":{"line":67,"column":67}},"33":{"start":{"line":69,"column":3},"end":{"line":71,"column":4}},"34":{"start":{"line":70,"column":4},"end":{"line":70,"column":34}},"35":{"start":{"line":73,"column":3},"end":{"line":73,"column":36}},"36":{"start":{"line":75,"column":3},"end":{"line":75,"column":11}},"37":{"start":{"line":80,"column":0},"end":{"line":80,"column":42}}},"fnMap":{"0":{"name":"(anonymous_0)","decl":{"start":{"line":6,"column":1},"end":{"line":6,"column":2}},"loc":{"start":{"line":6,"column":30},"end":{"line":13,"column":2}},"line":6},"1":{"name":"(anonymous_1)","decl":{"start":{"line":15,"column":1},"end":{"line":15,"column":2}},"loc":{"start":{"line":15,"column":31},"end":{"line":28,"column":2}},"line":15},"2":{"name":"(anonymous_2)","decl":{"start":{"line":30,"column":1},"end":{"line":30,"column":2}},"loc":{"start":{"line":30,"column":30},"end":{"line":43,"column":2}},"line":30},"3":{"name":"(anonymous_3)","decl":{"start":{"line":45,"column":1},"end":{"line":45,"column":2}},"loc":{"start":{"line":45,"column":30},"end":{"line":62,"column":2}},"line":45},"4":{"name":"(anonymous_4)","decl":{"start":{"line":64,"column":1},"end":{"line":64,"column":2}},"loc":{"start":{"line":64,"column":30},"end":{"line":77,"column":2}},"line":64}},"branchMap":{"0":{"loc":{"start":{"line":20,"column":3},"end":{"line":22,"column":4}},"type":"if","locations":[{"start":{"line":20,"column":3},"end":{"line":22,"column":4}},{"start":{},"end":{}}],"line":20},"1":{"loc":{"start":{"line":33,"column":3},"end":{"line":35,"column":4}},"type":"if","locations":[{"start":{"line":33,"column":3},"end":{"line":35,"column":4}},{"start":{},"end":{}}],"line":33},"2":{"loc":{"start":{"line":54,"column":3},"end":{"line":56,"column":4}},"type":"if","locations":[{"start":{"line":54,"column":3},"end":{"line":56,"column":4}},{"start":{},"end":{}}],"line":54},"3":{"loc":{"start":{"line":69,"column":3},"end":{"line":71,"column":4}},"type":"if","locations":[{"start":{"line":69,"column":3},"end":{"line":71,"column":4}},{"start":{},"end":{}}],"line":69}},"s":{"0":1,"1":1,"2":1,"3":0,"4":0,"5":0,"6":0,"7":0,"8":0,"9":0,"10":0,"11":0,"12":0,"13":0,"14":1,"15":1,"16":1,"17":0,"18":1,"19":1,"20":1,"21":0,"22":0,"23":0,"24":0,"25":0,"26":0,"27":0,"28":0,"29":0,"30":1,"31":1,"32":1,"33":1,"34":0,"35":1,"36":0,"37":1},"f":{"0":0,"1":0,"2":1,"3":0,"4":1},"b":{"0":[0,0],"1":[0,1],"2":[0,0],"3":[0,1]},"_coverageSchema":"1a1c01bbd47fc00a2c39e90264f33305004495a9","hash":"cc7b5ece9f12374998bfb2219630265a490d78dd"}
,"C:\\Users\\frend\\VSCodeProjects\\TechMagic\\Ordify\\ordify-backend\\controllers\\order.controller.js": {"path":"C:\\Users\\frend\\VSCodeProjects\\TechMagic\\Ordify\\ordify-backend\\controllers\\order.controller.js","statementMap":{"0":{"start":{"line":1,"column":29},"end":{"line":1,"column":57}},"1":{"start":{"line":2,"column":21},"end":{"line":2,"column":57}},"2":{"start":{"line":3,"column":21},"end":{"line":3,"column":59}},"3":{"start":{"line":7,"column":2},"end":{"line":12,"column":3}},"4":{"start":{"line":8,"column":18},"end":{"line":8,"column":45}},"5":{"start":{"line":9,"column":3},"end":{"line":9,"column":27}},"6":{"start":{"line":11,"column":3},"end":{"line":11,"column":11}},"7":{"start":{"line":16,"column":2},"end":{"line":27,"column":3}},"8":{"start":{"line":17,"column":18},"end":{"line":17,"column":28}},"9":{"start":{"line":18,"column":17},"end":{"line":18,"column":47}},"10":{"start":{"line":20,"column":3},"end":{"line":22,"column":4}},"11":{"start":{"line":21,"column":4},"end":{"line":21,"column":34}},"12":{"start":{"line":24,"column":3},"end":{"line":24,"column":19}},"13":{"start":{"line":26,"column":3},"end":{"line":26,"column":11}},"14":{"start":{"line":31,"column":2},"end":{"line":48,"column":3}},"15":{"start":{"line":32,"column":18},"end":{"line":32,"column":39}},"16":{"start":{"line":33,"column":3},"end":{"line":35,"column":4}},"17":{"start":{"line":34,"column":4},"end":{"line":34,"column":70}},"18":{"start":{"line":37,"column":37},"end":{"line":37,"column":47}},"19":{"start":{"line":39,"column":17},"end":{"line":39,"column":25}},"20":{"start":{"line":40,"column":24},"end":{"line":44,"column":4}},"21":{"start":{"line":45,"column":3},"end":{"line":45,"column":33}},"22":{"start":{"line":47,"column":3},"end":{"line":47,"column":11}},"23":{"start":{"line":52,"column":2},"end":{"line":67,"column":3}},"24":{"start":{"line":53,"column":30},"end":{"line":53,"column":38}},"25":{"start":{"line":54,"column":19},"end":{"line":54,"column":32}},"26":{"start":{"line":55,"column":24},"end":{"line":58,"column":4}},"27":{"start":{"line":60,"column":3},"end":{"line":62,"column":4}},"28":{"start":{"line":61,"column":4},"end":{"line":61,"column":34}},"29":{"start":{"line":64,"column":3},"end":{"line":64,"column":33}},"30":{"start":{"line":66,"column":3},"end":{"line":66,"column":11}},"31":{"start":{"line":71,"column":2},"end":{"line":82,"column":3}},"32":{"start":{"line":72,"column":19},"end":{"line":72,"column":32}},"33":{"start":{"line":73,"column":24},"end":{"line":73,"column":58}},"34":{"start":{"line":75,"column":3},"end":{"line":77,"column":4}},"35":{"start":{"line":76,"column":4},"end":{"line":76,"column":34}},"36":{"start":{"line":79,"column":3},"end":{"line":79,"column":33}},"37":{"start":{"line":81,"column":3},"end":{"line":81,"column":11}},"38":{"start":{"line":86,"column":0},"end":{"line":86,"column":39}}},"fnMap":{"0":{"name":"(anonymous_0)","decl":{"start":{"line":6,"column":1},"end":{"line":6,"column":2}},"loc":{"start":{"line":6,"column":30},"end":{"line":13,"column":2}},"line":6},"1":{"name":"(anonymous_1)","decl":{"start":{"line":15,"column":1},"end":{"line":15,"column":2}},"loc":{"start":{"line":15,"column":31},"end":{"line":28,"column":2}},"line":15},"2":{"name":"(anonymous_2)","decl":{"start":{"line":30,"column":1},"end":{"line":30,"column":2}},"loc":{"start":{"line":30,"column":30},"end":{"line":49,"column":2}},"line":30},"3":{"name":"(anonymous_3)","decl":{"start":{"line":51,"column":1},"end":{"line":51,"column":2}},"loc":{"start":{"line":51,"column":30},"end":{"line":68,"column":2}},"line":51},"4":{"name":"(anonymous_4)","decl":{"start":{"line":70,"column":1},"end":{"line":70,"column":2}},"loc":{"start":{"line":70,"column":30},"end":{"line":83,"column":2}},"line":70}},"branchMap":{"0":{"loc":{"start":{"line":20,"column":3},"end":{"line":22,"column":4}},"type":"if","locations":[{"start":{"line":20,"column":3},"end":{"line":22,"column":4}},{"start":{},"end":{}}],"line":20},"1":{"loc":{"start":{"line":33,"column":3},"end":{"line":35,"column":4}},"type":"if","locations":[{"start":{"line":33,"column":3},"end":{"line":35,"column":4}},{"start":{},"end":{}}],"line":33},"2":{"loc":{"start":{"line":60,"column":3},"end":{"line":62,"column":4}},"type":"if","locations":[{"start":{"line":60,"column":3},"end":{"line":62,"column":4}},{"start":{},"end":{}}],"line":60},"3":{"loc":{"start":{"line":75,"column":3},"end":{"line":77,"column":4}},"type":"if","locations":[{"start":{"line":75,"column":3},"end":{"line":77,"column":4}},{"start":{},"end":{}}],"line":75}},"s":{"0":1,"1":1,"2":1,"3":0,"4":0,"5":0,"6":0,"7":1,"8":1,"9":1,"10":1,"11":0,"12":1,"13":0,"14":4,"15":4,"16":4,"17":0,"18":4,"19":4,"20":4,"21":3,"22":1,"23":0,"24":0,"25":0,"26":0,"27":0,"28":0,"29":0,"30":0,"31":0,"32":0,"33":0,"34":0,"35":0,"36":0,"37":0,"38":1},"f":{"0":0,"1":1,"2":4,"3":0,"4":0},"b":{"0":[0,1],"1":[0,4],"2":[0,0],"3":[0,0]},"_coverageSchema":"1a1c01bbd47fc00a2c39e90264f33305004495a9","hash":"193e37bba2cd5e83edd74eb061662a1d82af2fd8"}
,"C:\\Users\\frend\\VSCodeProjects\\TechMagic\\Ordify\\ordify-backend\\controllers\\product.controller.js": {"path":"C:\\Users\\frend\\VSCodeProjects\\TechMagic\\Ordify\\ordify-backend\\controllers\\product.controller.js","statementMap":{"0":{"start":{"line":1,"column":21},"end":{"line":1,"column":59}},"1":{"start":{"line":2,"column":23},"end":{"line":2,"column":61}},"2":{"start":{"line":3,"column":29},"end":{"line":3,"column":57}},"3":{"start":{"line":7,"column":2},"end":{"line":13,"column":3}},"4":{"start":{"line":8,"column":42},"end":{"line":8,"column":51}},"5":{"start":{"line":9,"column":20},"end":{"line":9,"column":75}},"6":{"start":{"line":10,"column":3},"end":{"line":10,"column":29}},"7":{"start":{"line":12,"column":3},"end":{"line":12,"column":11}},"8":{"start":{"line":17,"column":2},"end":{"line":28,"column":3}},"9":{"start":{"line":18,"column":18},"end":{"line":18,"column":28}},"10":{"start":{"line":19,"column":19},"end":{"line":19,"column":51}},"11":{"start":{"line":21,"column":3},"end":{"line":23,"column":4}},"12":{"start":{"line":22,"column":4},"end":{"line":22,"column":34}},"13":{"start":{"line":25,"column":3},"end":{"line":25,"column":21}},"14":{"start":{"line":27,"column":3},"end":{"line":27,"column":11}},"15":{"start":{"line":32,"column":2},"end":{"line":43,"column":3}},"16":{"start":{"line":33,"column":18},"end":{"line":33,"column":39}},"17":{"start":{"line":34,"column":3},"end":{"line":36,"column":4}},"18":{"start":{"line":35,"column":4},"end":{"line":35,"column":70}},"19":{"start":{"line":38,"column":19},"end":{"line":38,"column":27}},"20":{"start":{"line":39,"column":26},"end":{"line":39,"column":62}},"21":{"start":{"line":40,"column":3},"end":{"line":40,"column":35}},"22":{"start":{"line":42,"column":3},"end":{"line":42,"column":11}},"23":{"start":{"line":47,"column":2},"end":{"line":68,"column":3}},"24":{"start":{"line":48,"column":18},"end":{"line":48,"column":39}},"25":{"start":{"line":49,"column":3},"end":{"line":51,"column":4}},"26":{"start":{"line":50,"column":4},"end":{"line":50,"column":70}},"27":{"start":{"line":53,"column":32},"end":{"line":53,"column":40}},"28":{"start":{"line":54,"column":21},"end":{"line":54,"column":34}},"29":{"start":{"line":56,"column":26},"end":{"line":59,"column":4}},"30":{"start":{"line":61,"column":3},"end":{"line":63,"column":4}},"31":{"start":{"line":62,"column":4},"end":{"line":62,"column":34}},"32":{"start":{"line":65,"column":3},"end":{"line":65,"column":35}},"33":{"start":{"line":67,"column":3},"end":{"line":67,"column":11}},"34":{"start":{"line":72,"column":2},"end":{"line":93,"column":3}},"35":{"start":{"line":73,"column":18},"end":{"line":73,"column":39}},"36":{"start":{"line":74,"column":3},"end":{"line":76,"column":4}},"37":{"start":{"line":75,"column":4},"end":{"line":75,"column":70}},"38":{"start":{"line":78,"column":29},"end":{"line":78,"column":37}},"39":{"start":{"line":79,"column":21},"end":{"line":79,"column":34}},"40":{"start":{"line":81,"column":26},"end":{"line":84,"column":4}},"41":{"start":{"line":86,"column":3},"end":{"line":88,"column":4}},"42":{"start":{"line":87,"column":4},"end":{"line":87,"column":34}},"43":{"start":{"line":90,"column":3},"end":{"line":90,"column":35}},"44":{"start":{"line":92,"column":3},"end":{"line":92,"column":11}},"45":{"start":{"line":97,"column":2},"end":{"line":117,"column":3}},"46":{"start":{"line":98,"column":18},"end":{"line":98,"column":39}},"47":{"start":{"line":99,"column":3},"end":{"line":101,"column":4}},"48":{"start":{"line":100,"column":4},"end":{"line":100,"column":70}},"49":{"start":{"line":103,"column":21},"end":{"line":103,"column":41}},"50":{"start":{"line":104,"column":28},"end":{"line":104,"column":55}},"51":{"start":{"line":106,"column":26},"end":{"line":109,"column":4}},"52":{"start":{"line":110,"column":3},"end":{"line":112,"column":4}},"53":{"start":{"line":111,"column":4},"end":{"line":111,"column":34}},"54":{"start":{"line":114,"column":3},"end":{"line":114,"column":35}},"55":{"start":{"line":116,"column":3},"end":{"line":116,"column":11}},"56":{"start":{"line":121,"column":2},"end":{"line":132,"column":3}},"57":{"start":{"line":122,"column":21},"end":{"line":122,"column":34}},"58":{"start":{"line":123,"column":26},"end":{"line":123,"column":64}},"59":{"start":{"line":125,"column":3},"end":{"line":127,"column":4}},"60":{"start":{"line":126,"column":4},"end":{"line":126,"column":34}},"61":{"start":{"line":129,"column":3},"end":{"line":129,"column":35}},"62":{"start":{"line":131,"column":3},"end":{"line":131,"column":11}},"63":{"start":{"line":136,"column":0},"end":{"line":136,"column":41}}},"fnMap":{"0":{"name":"(anonymous_0)","decl":{"start":{"line":6,"column":1},"end":{"line":6,"column":2}},"loc":{"start":{"line":6,"column":30},"end":{"line":14,"column":2}},"line":6},"1":{"name":"(anonymous_1)","decl":{"start":{"line":16,"column":1},"end":{"line":16,"column":2}},"loc":{"start":{"line":16,"column":31},"end":{"line":29,"column":2}},"line":16},"2":{"name":"(anonymous_2)","decl":{"start":{"line":31,"column":1},"end":{"line":31,"column":2}},"loc":{"start":{"line":31,"column":30},"end":{"line":44,"column":2}},"line":31},"3":{"name":"(anonymous_3)","decl":{"start":{"line":46,"column":1},"end":{"line":46,"column":2}},"loc":{"start":{"line":46,"column":30},"end":{"line":69,"column":2}},"line":46},"4":{"name":"(anonymous_4)","decl":{"start":{"line":71,"column":1},"end":{"line":71,"column":2}},"loc":{"start":{"line":71,"column":41},"end":{"line":94,"column":2}},"line":71},"5":{"name":"(anonymous_5)","decl":{"start":{"line":96,"column":1},"end":{"line":96,"column":2}},"loc":{"start":{"line":96,"column":44},"end":{"line":118,"column":2}},"line":96},"6":{"name":"(anonymous_6)","decl":{"start":{"line":120,"column":1},"end":{"line":120,"column":2}},"loc":{"start":{"line":120,"column":30},"end":{"line":133,"column":2}},"line":120}},"branchMap":{"0":{"loc":{"start":{"line":21,"column":3},"end":{"line":23,"column":4}},"type":"if","locations":[{"start":{"line":21,"column":3},"end":{"line":23,"column":4}},{"start":{},"end":{}}],"line":21},"1":{"loc":{"start":{"line":34,"column":3},"end":{"line":36,"column":4}},"type":"if","locations":[{"start":{"line":34,"column":3},"end":{"line":36,"column":4}},{"start":{},"end":{}}],"line":34},"2":{"loc":{"start":{"line":49,"column":3},"end":{"line":51,"column":4}},"type":"if","locations":[{"start":{"line":49,"column":3},"end":{"line":51,"column":4}},{"start":{},"end":{}}],"line":49},"3":{"loc":{"start":{"line":61,"column":3},"end":{"line":63,"column":4}},"type":"if","locations":[{"start":{"line":61,"column":3},"end":{"line":63,"column":4}},{"start":{},"end":{}}],"line":61},"4":{"loc":{"start":{"line":74,"column":3},"end":{"line":76,"column":4}},"type":"if","locations":[{"start":{"line":74,"column":3},"end":{"line":76,"column":4}},{"start":{},"end":{}}],"line":74},"5":{"loc":{"start":{"line":86,"column":3},"end":{"line":88,"column":4}},"type":"if","locations":[{"start":{"line":86,"column":3},"end":{"line":88,"column":4}},{"start":{},"end":{}}],"line":86},"6":{"loc":{"start":{"line":99,"column":3},"end":{"line":101,"column":4}},"type":"if","locations":[{"start":{"line":99,"column":3},"end":{"line":101,"column":4}},{"start":{},"end":{}}],"line":99},"7":{"loc":{"start":{"line":110,"column":3},"end":{"line":112,"column":4}},"type":"if","locations":[{"start":{"line":110,"column":3},"end":{"line":112,"column":4}},{"start":{},"end":{}}],"line":110},"8":{"loc":{"start":{"line":125,"column":3},"end":{"line":127,"column":4}},"type":"if","locations":[{"start":{"line":125,"column":3},"end":{"line":127,"column":4}},{"start":{},"end":{}}],"line":125}},"s":{"0":1,"1":1,"2":1,"3":0,"4":0,"5":0,"6":0,"7":0,"8":1,"9":1,"10":1,"11":1,"12":0,"13":1,"14":0,"15":1,"16":1,"17":1,"18":0,"19":1,"20":1,"21":1,"22":0,"23":0,"24":0,"25":0,"26":0,"27":0,"28":0,"29":0,"30":0,"31":0,"32":0,"33":0,"34":0,"35":0,"36":0,"37":0,"38":0,"39":0,"40":0,"41":0,"42":0,"43":0,"44":0,"45":0,"46":0,"47":0,"48":0,"49":0,"50":0,"51":0,"52":0,"53":0,"54":0,"55":0,"56":1,"57":1,"58":1,"59":1,"60":0,"61":1,"62":0,"63":1},"f":{"0":0,"1":1,"2":1,"3":0,"4":0,"5":0,"6":1},"b":{"0":[0,1],"1":[0,1],"2":[0,0],"3":[0,0],"4":[0,0],"5":[0,0],"6":[0,0],"7":[0,0],"8":[0,1]},"_coverageSchema":"1a1c01bbd47fc00a2c39e90264f33305004495a9","hash":"92cb2ab2f7d70c747b93a2b1bf8a544f1a826522"}
,"C:\\Users\\frend\\VSCodeProjects\\TechMagic\\Ordify\\ordify-backend\\controllers\\statistics.controller.js": {"path":"C:\\Users\\frend\\VSCodeProjects\\TechMagic\\Ordify\\ordify-backend\\controllers\\statistics.controller.js","statementMap":{"0":{"start":{"line":1,"column":26},"end":{"line":1,"column":67}},"1":{"start":{"line":5,"column":2},"end":{"line":10,"column":3}},"2":{"start":{"line":6,"column":16},"end":{"line":6,"column":49}},"3":{"start":{"line":7,"column":3},"end":{"line":7,"column":25}},"4":{"start":{"line":9,"column":3},"end":{"line":9,"column":11}},"5":{"start":{"line":14,"column":0},"end":{"line":14,"column":44}}},"fnMap":{"0":{"name":"(anonymous_0)","decl":{"start":{"line":4,"column":1},"end":{"line":4,"column":2}},"loc":{"start":{"line":4,"column":31},"end":{"line":11,"column":2}},"line":4}},"branchMap":{},"s":{"0":1,"1":0,"2":0,"3":0,"4":0,"5":1},"f":{"0":0},"b":{},"_coverageSchema":"1a1c01bbd47fc00a2c39e90264f33305004495a9","hash":"982d4d06d14176591e0b427228bc904fa0a50f0e"}
,"C:\\Users\\frend\\VSCodeProjects\\TechMagic\\Ordify\\ordify-backend\\controllers\\user.controller.js": {"path":"C:\\Users\\frend\\VSCodeProjects\\TechMagic\\Ordify\\ordify-backend\\controllers\\user.controller.js","statementMap":{"0":{"start":{"line":1,"column":20},"end":{"line":1,"column":55}},"1":{"start":{"line":5,"column":2},"end":{"line":10,"column":3}},"2":{"start":{"line":6,"column":17},"end":{"line":6,"column":45}},"3":{"start":{"line":7,"column":3},"end":{"line":7,"column":26}},"4":{"start":{"line":9,"column":3},"end":{"line":9,"column":11}},"5":{"start":{"line":14,"column":0},"end":{"line":14,"column":38}}},"fnMap":{"0":{"name":"(anonymous_0)","decl":{"start":{"line":4,"column":1},"end":{"line":4,"column":2}},"loc":{"start":{"line":4,"column":32},"end":{"line":11,"column":2}},"line":4}},"branchMap":{},"s":{"0":1,"1":0,"2":0,"3":0,"4":0,"5":1},"f":{"0":0},"b":{},"_coverageSchema":"1a1c01bbd47fc00a2c39e90264f33305004495a9","hash":"b4441161b5e397ab9499a6dfcbcbbad7faa98175"}
,"C:\\Users\\frend\\VSCodeProjects\\TechMagic\\Ordify\\ordify-backend\\exceptions\\api.exception.js": {"path":"C:\\Users\\frend\\VSCodeProjects\\TechMagic\\Ordify\\ordify-backend\\exceptions\\api.exception.js","statementMap":{"0":{"start":{"line":1,"column":0},"end":{"line":22,"column":2}},"1":{"start":{"line":6,"column":2},"end":{"line":6,"column":17}},"2":{"start":{"line":7,"column":2},"end":{"line":7,"column":23}},"3":{"start":{"line":8,"column":2},"end":{"line":8,"column":23}},"4":{"start":{"line":12,"column":2},"end":{"line":12,"column":44}},"5":{"start":{"line":16,"column":2},"end":{"line":16,"column":47}},"6":{"start":{"line":20,"column":2},"end":{"line":20,"column":48}}},"fnMap":{"0":{"name":"(anonymous_0)","decl":{"start":{"line":5,"column":1},"end":{"line":5,"column":2}},"loc":{"start":{"line":5,"column":43},"end":{"line":9,"column":2}},"line":5},"1":{"name":"(anonymous_1)","decl":{"start":{"line":11,"column":1},"end":{"line":11,"column":2}},"loc":{"start":{"line":11,"column":19},"end":{"line":13,"column":2}},"line":11},"2":{"name":"(anonymous_2)","decl":{"start":{"line":15,"column":1},"end":{"line":15,"column":2}},"loc":{"start":{"line":15,"column":23},"end":{"line":17,"column":2}},"line":15},"3":{"name":"(anonymous_3)","decl":{"start":{"line":19,"column":1},"end":{"line":19,"column":2}},"loc":{"start":{"line":19,"column":41},"end":{"line":21,"column":2}},"line":19}},"branchMap":{"0":{"loc":{"start":{"line":5,"column":30},"end":{"line":5,"column":41}},"type":"default-arg","locations":[{"start":{"line":5,"column":39},"end":{"line":5,"column":41}}],"line":5},"1":{"loc":{"start":{"line":19,"column":28},"end":{"line":19,"column":39}},"type":"default-arg","locations":[{"start":{"line":19,"column":37},"end":{"line":19,"column":39}}],"line":19}},"s":{"0":1,"1":2,"2":2,"3":2,"4":0,"5":1,"6":1},"f":{"0":2,"1":0,"2":1,"3":1},"b":{"0":[1],"1":[1]},"_coverageSchema":"1a1c01bbd47fc00a2c39e90264f33305004495a9","hash":"f40829f127a3ab7cfeac75f78f5496944124b931"}
,"C:\\Users\\frend\\VSCodeProjects\\TechMagic\\Ordify\\ordify-backend\\middlewares\\auth.middleware.js": {"path":"C:\\Users\\frend\\VSCodeProjects\\TechMagic\\Ordify\\ordify-backend\\middlewares\\auth.middleware.js","statementMap":{"0":{"start":{"line":1,"column":21},"end":{"line":1,"column":59}},"1":{"start":{"line":2,"column":21},"end":{"line":2,"column":57}},"2":{"start":{"line":4,"column":0},"end":{"line":28,"column":2}},"3":{"start":{"line":5,"column":1},"end":{"line":27,"column":2}},"4":{"start":{"line":6,"column":30},"end":{"line":6,"column":55}},"5":{"start":{"line":7,"column":2},"end":{"line":9,"column":3}},"6":{"start":{"line":8,"column":3},"end":{"line":8,"column":37}},"7":{"start":{"line":11,"column":22},"end":{"line":11,"column":55}},"8":{"start":{"line":13,"column":2},"end":{"line":15,"column":3}},"9":{"start":{"line":14,"column":3},"end":{"line":14,"column":37}},"10":{"start":{"line":17,"column":20},"end":{"line":17,"column":65}},"11":{"start":{"line":19,"column":2},"end":{"line":21,"column":3}},"12":{"start":{"line":20,"column":3},"end":{"line":20,"column":37}},"13":{"start":{"line":23,"column":2},"end":{"line":23,"column":23}},"14":{"start":{"line":24,"column":2},"end":{"line":24,"column":9}},"15":{"start":{"line":26,"column":2},"end":{"line":26,"column":10}}},"fnMap":{"0":{"name":"(anonymous_0)","decl":{"start":{"line":4,"column":17},"end":{"line":4,"column":18}},"loc":{"start":{"line":4,"column":43},"end":{"line":28,"column":1}},"line":4}},"branchMap":{"0":{"loc":{"start":{"line":7,"column":2},"end":{"line":9,"column":3}},"type":"if","locations":[{"start":{"line":7,"column":2},"end":{"line":9,"column":3}},{"start":{},"end":{}}],"line":7},"1":{"loc":{"start":{"line":13,"column":2},"end":{"line":15,"column":3}},"type":"if","locations":[{"start":{"line":13,"column":2},"end":{"line":15,"column":3}},{"start":{},"end":{}}],"line":13},"2":{"loc":{"start":{"line":19,"column":2},"end":{"line":21,"column":3}},"type":"if","locations":[{"start":{"line":19,"column":2},"end":{"line":21,"column":3}},{"start":{},"end":{}}],"line":19}},"s":{"0":1,"1":1,"2":1,"3":1,"4":1,"5":1,"6":0,"7":1,"8":1,"9":0,"10":1,"11":1,"12":0,"13":1,"14":1,"15":0},"f":{"0":1},"b":{"0":[0,1],"1":[0,1],"2":[0,1]},"_coverageSchema":"1a1c01bbd47fc00a2c39e90264f33305004495a9","hash":"b444b9904fd7a62676ff02e769b09536057e73e3"}
,"C:\\Users\\frend\\VSCodeProjects\\TechMagic\\Ordify\\ordify-backend\\middlewares\\error.middleware.js": {"path":"C:\\Users\\frend\\VSCodeProjects\\TechMagic\\Ordify\\ordify-backend\\middlewares\\error.middleware.js","statementMap":{"0":{"start":{"line":1,"column":21},"end":{"line":1,"column":59}},"1":{"start":{"line":3,"column":0},"end":{"line":14,"column":2}},"2":{"start":{"line":4,"column":1},"end":{"line":4,"column":18}},"3":{"start":{"line":5,"column":1},"end":{"line":9,"column":2}},"4":{"start":{"line":6,"column":2},"end":{"line":8,"column":55}},"5":{"start":{"line":11,"column":1},"end":{"line":13,"column":75}}},"fnMap":{"0":{"name":"(anonymous_0)","decl":{"start":{"line":3,"column":17},"end":{"line":3,"column":18}},"loc":{"start":{"line":3,"column":48},"end":{"line":14,"column":1}},"line":3}},"branchMap":{"0":{"loc":{"start":{"line":5,"column":1},"end":{"line":9,"column":2}},"type":"if","locations":[{"start":{"line":5,"column":1},"end":{"line":9,"column":2}},{"start":{},"end":{}}],"line":5},"1":{"loc":{"start":{"line":13,"column":19},"end":{"line":13,"column":71}},"type":"cond-expr","locations":[{"start":{"line":13,"column":34},"end":{"line":13,"column":45}},{"start":{"line":13,"column":48},"end":{"line":13,"column":71}}],"line":13}},"s":{"0":1,"1":1,"2":2,"3":2,"4":2,"5":0},"f":{"0":2},"b":{"0":[2,0],"1":[0,0]},"_coverageSchema":"1a1c01bbd47fc00a2c39e90264f33305004495a9","hash":"a3b811cedf6ec58fdc461d0a555e431b66800023"}
,"C:\\Users\\frend\\VSCodeProjects\\TechMagic\\Ordify\\ordify-backend\\models\\customer.model.js": {"path":"C:\\Users\\frend\\VSCodeProjects\\TechMagic\\Ordify\\ordify-backend\\models\\customer.model.js","statementMap":{"0":{"start":{"line":1,"column":26},"end":{"line":1,"column":45}},"1":{"start":{"line":2,"column":14},"end":{"line":2,"column":38}},"2":{"start":{"line":4,"column":23},"end":{"line":12,"column":2}},"3":{"start":{"line":14,"column":0},"end":{"line":18,"column":3}},"4":{"start":{"line":15,"column":20},"end":{"line":15,"column":42}},"5":{"start":{"line":16,"column":1},"end":{"line":16,"column":50}},"6":{"start":{"line":17,"column":1},"end":{"line":17,"column":8}},"7":{"start":{"line":20,"column":0},"end":{"line":20,"column":51}}},"fnMap":{"0":{"name":"(anonymous_0)","decl":{"start":{"line":14,"column":39},"end":{"line":14,"column":40}},"loc":{"start":{"line":14,"column":61},"end":{"line":18,"column":1}},"line":14}},"branchMap":{},"s":{"0":1,"1":1,"2":1,"3":1,"4":1,"5":1,"6":1,"7":1},"f":{"0":1},"b":{},"_coverageSchema":"1a1c01bbd47fc00a2c39e90264f33305004495a9","hash":"4e3a784b0583cc278cecf318af02eb4d47b45da7"}
,"C:\\Users\\frend\\VSCodeProjects\\TechMagic\\Ordify\\ordify-backend\\models\\order.model.js": {"path":"C:\\Users\\frend\\VSCodeProjects\\TechMagic\\Ordify\\ordify-backend\\models\\order.model.js","statementMap":{"0":{"start":{"line":1,"column":26},"end":{"line":1,"column":45}},"1":{"start":{"line":3,"column":19},"end":{"line":14,"column":2}},"2":{"start":{"line":16,"column":0},"end":{"line":16,"column":44}}},"fnMap":{},"branchMap":{},"s":{"0":1,"1":1,"2":1},"f":{},"b":{},"_coverageSchema":"1a1c01bbd47fc00a2c39e90264f33305004495a9","hash":"47829c7f269eb7d9ab099d3da47bbffd15c9d1f6"}
,"C:\\Users\\frend\\VSCodeProjects\\TechMagic\\Ordify\\ordify-backend\\models\\product.model.js": {"path":"C:\\Users\\frend\\VSCodeProjects\\TechMagic\\Ordify\\ordify-backend\\models\\product.model.js","statementMap":{"0":{"start":{"line":1,"column":26},"end":{"line":1,"column":45}},"1":{"start":{"line":2,"column":14},"end":{"line":2,"column":38}},"2":{"start":{"line":4,"column":29},"end":{"line":13,"column":2}},"3":{"start":{"line":15,"column":22},"end":{"line":23,"column":2}},"4":{"start":{"line":25,"column":0},"end":{"line":29,"column":3}},"5":{"start":{"line":26,"column":19},"end":{"line":26,"column":41}},"6":{"start":{"line":27,"column":1},"end":{"line":27,"column":48}},"7":{"start":{"line":28,"column":1},"end":{"line":28,"column":8}},"8":{"start":{"line":31,"column":0},"end":{"line":31,"column":49}}},"fnMap":{"0":{"name":"(anonymous_0)","decl":{"start":{"line":25,"column":38},"end":{"line":25,"column":39}},"loc":{"start":{"line":25,"column":60},"end":{"line":29,"column":1}},"line":25}},"branchMap":{},"s":{"0":1,"1":1,"2":1,"3":1,"4":1,"5":1,"6":1,"7":1,"8":1},"f":{"0":1},"b":{},"_coverageSchema":"1a1c01bbd47fc00a2c39e90264f33305004495a9","hash":"9bc43739e7e6c15956be5c565979945786076371"}
,"C:\\Users\\frend\\VSCodeProjects\\TechMagic\\Ordify\\ordify-backend\\models\\token.model.js": {"path":"C:\\Users\\frend\\VSCodeProjects\\TechMagic\\Ordify\\ordify-backend\\models\\token.model.js","statementMap":{"0":{"start":{"line":1,"column":26},"end":{"line":1,"column":45}},"1":{"start":{"line":3,"column":20},"end":{"line":6,"column":2}},"2":{"start":{"line":8,"column":0},"end":{"line":8,"column":45}}},"fnMap":{},"branchMap":{},"s":{"0":1,"1":1,"2":1},"f":{},"b":{},"_coverageSchema":"1a1c01bbd47fc00a2c39e90264f33305004495a9","hash":"219a8bd7be27d9b9c67c380d72bc8853dc0b7802"}
,"C:\\Users\\frend\\VSCodeProjects\\TechMagic\\Ordify\\ordify-backend\\models\\user.model.js": {"path":"C:\\Users\\frend\\VSCodeProjects\\TechMagic\\Ordify\\ordify-backend\\models\\user.model.js","statementMap":{"0":{"start":{"line":1,"column":26},"end":{"line":1,"column":45}},"1":{"start":{"line":3,"column":19},"end":{"line":8,"column":2}},"2":{"start":{"line":10,"column":0},"end":{"line":10,"column":43}}},"fnMap":{},"branchMap":{},"s":{"0":1,"1":1,"2":1},"f":{},"b":{},"_coverageSchema":"1a1c01bbd47fc00a2c39e90264f33305004495a9","hash":"e3a704f6649d11147e086a067aec23beb5c8c7a4"}
,"C:\\Users\\frend\\VSCodeProjects\\TechMagic\\Ordify\\ordify-backend\\routes\\auth.route.js": {"path":"C:\\Users\\frend\\VSCodeProjects\\TechMagic\\Ordify\\ordify-backend\\routes\\auth.route.js","statementMap":{"0":{"start":{"line":1,"column":16},"end":{"line":1,"column":34}},"1":{"start":{"line":3,"column":23},"end":{"line":3,"column":64}},"2":{"start":{"line":4,"column":17},"end":{"line":4,"column":45}},"3":{"start":{"line":6,"column":15},"end":{"line":6,"column":31}},"4":{"start":{"line":34,"column":0},"end":{"line":39,"column":2}},"5":{"start":{"line":65,"column":0},"end":{"line":65,"column":55}},"6":{"start":{"line":96,"column":0},"end":{"line":96,"column":44}},"7":{"start":{"line":121,"column":0},"end":{"line":121,"column":45}},"8":{"start":{"line":156,"column":0},"end":{"line":156,"column":47}},"9":{"start":{"line":158,"column":0},"end":{"line":158,"column":24}}},"fnMap":{},"branchMap":{},"s":{"0":1,"1":1,"2":1,"3":1,"4":1,"5":1,"6":1,"7":1,"8":1,"9":1},"f":{},"b":{},"_coverageSchema":"1a1c01bbd47fc00a2c39e90264f33305004495a9","hash":"f95d14d08177b08e636e13ba7f4a019e0f2e3e22"}
,"C:\\Users\\frend\\VSCodeProjects\\TechMagic\\Ordify\\ordify-backend\\routes\\customer.route.js": {"path":"C:\\Users\\frend\\VSCodeProjects\\TechMagic\\Ordify\\ordify-backend\\routes\\customer.route.js","statementMap":{"0":{"start":{"line":1,"column":16},"end":{"line":1,"column":34}},"1":{"start":{"line":2,"column":23},"end":{"line":2,"column":64}},"2":{"start":{"line":3,"column":27},"end":{"line":3,"column":72}},"3":{"start":{"line":4,"column":17},"end":{"line":4,"column":45}},"4":{"start":{"line":6,"column":15},"end":{"line":6,"column":31}},"5":{"start":{"line":32,"column":0},"end":{"line":32,"column":43}},"6":{"start":{"line":65,"column":0},"end":{"line":65,"column":47}},"7":{"start":{"line":97,"column":0},"end":{"line":108,"column":2}},"8":{"start":{"line":157,"column":0},"end":{"line":157,"column":46}},"9":{"start":{"line":192,"column":0},"end":{"line":192,"column":49}},"10":{"start":{"line":194,"column":0},"end":{"line":194,"column":24}}},"fnMap":{},"branchMap":{},"s":{"0":1,"1":1,"2":1,"3":1,"4":1,"5":1,"6":1,"7":1,"8":1,"9":1,"10":1},"f":{},"b":{},"_coverageSchema":"1a1c01bbd47fc00a2c39e90264f33305004495a9","hash":"2a5d24952fea3302246fd0b9393398bf5456aea0"}
,"C:\\Users\\frend\\VSCodeProjects\\TechMagic\\Ordify\\ordify-backend\\routes\\order.route.js": {"path":"C:\\Users\\frend\\VSCodeProjects\\TechMagic\\Ordify\\ordify-backend\\routes\\order.route.js","statementMap":{"0":{"start":{"line":1,"column":16},"end":{"line":1,"column":34}},"1":{"start":{"line":2,"column":23},"end":{"line":2,"column":64}},"2":{"start":{"line":3,"column":24},"end":{"line":3,"column":66}},"3":{"start":{"line":4,"column":17},"end":{"line":4,"column":45}},"4":{"start":{"line":6,"column":15},"end":{"line":6,"column":31}},"5":{"start":{"line":32,"column":0},"end":{"line":32,"column":40}},"6":{"start":{"line":65,"column":0},"end":{"line":65,"column":44}},"7":{"start":{"line":110,"column":0},"end":{"line":115,"column":2}},"8":{"start":{"line":164,"column":0},"end":{"line":164,"column":43}},"9":{"start":{"line":199,"column":0},"end":{"line":199,"column":46}},"10":{"start":{"line":201,"column":0},"end":{"line":201,"column":24}}},"fnMap":{},"branchMap":{},"s":{"0":1,"1":1,"2":1,"3":1,"4":1,"5":1,"6":1,"7":1,"8":1,"9":1,"10":1},"f":{},"b":{},"_coverageSchema":"1a1c01bbd47fc00a2c39e90264f33305004495a9","hash":"68c5cead2d9efbc2910af7edd61cff40539ec291"}
,"C:\\Users\\frend\\VSCodeProjects\\TechMagic\\Ordify\\ordify-backend\\routes\\product.route.js": {"path":"C:\\Users\\frend\\VSCodeProjects\\TechMagic\\Ordify\\ordify-backend\\routes\\product.route.js","statementMap":{"0":{"start":{"line":1,"column":16},"end":{"line":1,"column":34}},"1":{"start":{"line":2,"column":23},"end":{"line":2,"column":64}},"2":{"start":{"line":3,"column":26},"end":{"line":3,"column":70}},"3":{"start":{"line":4,"column":17},"end":{"line":4,"column":45}},"4":{"start":{"line":6,"column":15},"end":{"line":6,"column":31}},"5":{"start":{"line":30,"column":0},"end":{"line":30,"column":42}},"6":{"start":{"line":61,"column":0},"end":{"line":61,"column":46}},"7":{"start":{"line":95,"column":0},"end":{"line":106,"column":2}},"8":{"start":{"line":155,"column":0},"end":{"line":155,"column":61}},"9":{"start":{"line":198,"column":0},"end":{"line":202,"column":2}},"10":{"start":{"line":246,"column":0},"end":{"line":250,"column":2}},"11":{"start":{"line":285,"column":0},"end":{"line":285,"column":48}},"12":{"start":{"line":287,"column":0},"end":{"line":287,"column":24}}},"fnMap":{},"branchMap":{},"s":{"0":1,"1":1,"2":1,"3":1,"4":1,"5":1,"6":1,"7":1,"8":1,"9":1,"10":1,"11":1,"12":1},"f":{},"b":{},"_coverageSchema":"1a1c01bbd47fc00a2c39e90264f33305004495a9","hash":"41bddae1d73ff61cbfc13db5a9ebacf9bf521b65"}
,"C:\\Users\\frend\\VSCodeProjects\\TechMagic\\Ordify\\ordify-backend\\routes\\router.js": {"path":"C:\\Users\\frend\\VSCodeProjects\\TechMagic\\Ordify\\ordify-backend\\routes\\router.js","statementMap":{"0":{"start":{"line":1,"column":16},"end":{"line":1,"column":34}},"1":{"start":{"line":2,"column":14},"end":{"line":2,"column":37}},"2":{"start":{"line":3,"column":17},"end":{"line":3,"column":43}},"3":{"start":{"line":4,"column":18},"end":{"line":4,"column":45}},"4":{"start":{"line":5,"column":15},"end":{"line":5,"column":39}},"5":{"start":{"line":6,"column":13},"end":{"line":6,"column":36}},"6":{"start":{"line":7,"column":19},"end":{"line":7,"column":48}},"7":{"start":{"line":9,"column":15},"end":{"line":9,"column":31}},"8":{"start":{"line":11,"column":0},"end":{"line":11,"column":26}},"9":{"start":{"line":12,"column":0},"end":{"line":12,"column":28}},"10":{"start":{"line":13,"column":0},"end":{"line":13,"column":34}},"11":{"start":{"line":14,"column":0},"end":{"line":14,"column":36}},"12":{"start":{"line":15,"column":0},"end":{"line":15,"column":30}},"13":{"start":{"line":16,"column":0},"end":{"line":16,"column":38}},"14":{"start":{"line":18,"column":0},"end":{"line":18,"column":24}}},"fnMap":{},"branchMap":{},"s":{"0":1,"1":1,"2":1,"3":1,"4":1,"5":1,"6":1,"7":1,"8":1,"9":1,"10":1,"11":1,"12":1,"13":1,"14":1},"f":{},"b":{},"_coverageSchema":"1a1c01bbd47fc00a2c39e90264f33305004495a9","hash":"da72d6c57790e56df29483d08200c57400499fb3"}
,"C:\\Users\\frend\\VSCodeProjects\\TechMagic\\Ordify\\ordify-backend\\routes\\statistics.route.js": {"path":"C:\\Users\\frend\\VSCodeProjects\\TechMagic\\Ordify\\ordify-backend\\routes\\statistics.route.js","statementMap":{"0":{"start":{"line":1,"column":16},"end":{"line":1,"column":34}},"1":{"start":{"line":2,"column":23},"end":{"line":2,"column":64}},"2":{"start":{"line":3,"column":29},"end":{"line":3,"column":76}},"3":{"start":{"line":5,"column":15},"end":{"line":5,"column":31}},"4":{"start":{"line":30,"column":0},"end":{"line":30,"column":66}},"5":{"start":{"line":32,"column":0},"end":{"line":32,"column":24}}},"fnMap":{},"branchMap":{},"s":{"0":1,"1":1,"2":1,"3":1,"4":1,"5":1},"f":{},"b":{},"_coverageSchema":"1a1c01bbd47fc00a2c39e90264f33305004495a9","hash":"50266c0e375b4dc65cf5921fe405b365f0258ff2"}
,"C:\\Users\\frend\\VSCodeProjects\\TechMagic\\Ordify\\ordify-backend\\routes\\user.route.js": {"path":"C:\\Users\\frend\\VSCodeProjects\\TechMagic\\Ordify\\ordify-backend\\routes\\user.route.js","statementMap":{"0":{"start":{"line":1,"column":16},"end":{"line":1,"column":34}},"1":{"start":{"line":2,"column":23},"end":{"line":2,"column":64}},"2":{"start":{"line":3,"column":23},"end":{"line":3,"column":64}},"3":{"start":{"line":5,"column":15},"end":{"line":5,"column":31}},"4":{"start":{"line":7,"column":0},"end":{"line":7,"column":57}},"5":{"start":{"line":9,"column":0},"end":{"line":9,"column":24}}},"fnMap":{},"branchMap":{},"s":{"0":1,"1":1,"2":1,"3":1,"4":1,"5":1},"f":{},"b":{},"_coverageSchema":"1a1c01bbd47fc00a2c39e90264f33305004495a9","hash":"6947e5564814c9c5d18317c77a3a5ebed357f2db"}
,"C:\\Users\\frend\\VSCodeProjects\\TechMagic\\Ordify\\ordify-backend\\services\\auth.service.js": {"path":"C:\\Users\\frend\\VSCodeProjects\\TechMagic\\Ordify\\ordify-backend\\services\\auth.service.js","statementMap":{"0":{"start":{"line":1,"column":21},"end":{"line":1,"column":59}},"1":{"start":{"line":2,"column":18},"end":{"line":2,"column":49}},"2":{"start":{"line":3,"column":15},"end":{"line":3,"column":32}},"3":{"start":{"line":4,"column":21},"end":{"line":4,"column":47}},"4":{"start":{"line":5,"column":13},"end":{"line":5,"column":28}},"5":{"start":{"line":6,"column":20},"end":{"line":6,"column":45}},"6":{"start":{"line":10,"column":15},"end":{"line":10,"column":49}},"7":{"start":{"line":12,"column":2},"end":{"line":14,"column":3}},"8":{"start":{"line":13,"column":3},"end":{"line":13,"column":51}},"9":{"start":{"line":16,"column":25},"end":{"line":16,"column":55}},"10":{"start":{"line":17,"column":25},"end":{"line":17,"column":34}},"11":{"start":{"line":19,"column":15},"end":{"line":23,"column":4}},"12":{"start":{"line":25,"column":2},"end":{"line":28,"column":4}},"13":{"start":{"line":30,"column":2},"end":{"line":30,"column":14}},"14":{"start":{"line":34,"column":15},"end":{"line":39,"column":3}},"15":{"start":{"line":41,"column":2},"end":{"line":43,"column":3}},"16":{"start":{"line":42,"column":3},"end":{"line":42,"column":69}},"17":{"start":{"line":45,"column":2},"end":{"line":45,"column":9}},"18":{"start":{"line":49,"column":15},"end":{"line":49,"column":49}},"19":{"start":{"line":51,"column":2},"end":{"line":53,"column":3}},"20":{"start":{"line":52,"column":3},"end":{"line":52,"column":65}},"21":{"start":{"line":55,"column":2},"end":{"line":57,"column":3}},"22":{"start":{"line":56,"column":3},"end":{"line":56,"column":66}},"23":{"start":{"line":59,"column":22},"end":{"line":59,"column":67}},"24":{"start":{"line":61,"column":2},"end":{"line":63,"column":3}},"25":{"start":{"line":62,"column":3},"end":{"line":62,"column":60}},"26":{"start":{"line":65,"column":17},"end":{"line":65,"column":53}},"27":{"start":{"line":66,"column":2},"end":{"line":66,"column":68}},"28":{"start":{"line":68,"column":2},"end":{"line":68,"column":29}},"29":{"start":{"line":72,"column":20},"end":{"line":72,"column":67}},"30":{"start":{"line":73,"column":22},"end":{"line":73,"column":71}},"31":{"start":{"line":75,"column":2},"end":{"line":77,"column":3}},"32":{"start":{"line":76,"column":3},"end":{"line":76,"column":37}},"33":{"start":{"line":79,"column":17},"end":{"line":79,"column":58}},"34":{"start":{"line":80,"column":2},"end":{"line":80,"column":73}},"35":{"start":{"line":82,"column":2},"end":{"line":82,"column":16}},"36":{"start":{"line":86,"column":20},"end":{"line":86,"column":71}},"37":{"start":{"line":88,"column":2},"end":{"line":90,"column":3}},"38":{"start":{"line":89,"column":3},"end":{"line":89,"column":37}},"39":{"start":{"line":92,"column":2},"end":{"line":92,"column":19}},"40":{"start":{"line":96,"column":0},"end":{"line":96,"column":35}}},"fnMap":{"0":{"name":"(anonymous_0)","decl":{"start":{"line":9,"column":1},"end":{"line":9,"column":2}},"loc":{"start":{"line":9,"column":33},"end":{"line":31,"column":2}},"line":9},"1":{"name":"(anonymous_1)","decl":{"start":{"line":33,"column":1},"end":{"line":33,"column":2}},"loc":{"start":{"line":33,"column":32},"end":{"line":46,"column":2}},"line":33},"2":{"name":"(anonymous_2)","decl":{"start":{"line":48,"column":1},"end":{"line":48,"column":2}},"loc":{"start":{"line":48,"column":30},"end":{"line":69,"column":2}},"line":48},"3":{"name":"(anonymous_3)","decl":{"start":{"line":71,"column":1},"end":{"line":71,"column":2}},"loc":{"start":{"line":71,"column":29},"end":{"line":83,"column":2}},"line":71},"4":{"name":"(anonymous_4)","decl":{"start":{"line":85,"column":1},"end":{"line":85,"column":2}},"loc":{"start":{"line":85,"column":28},"end":{"line":93,"column":2}},"line":85}},"branchMap":{"0":{"loc":{"start":{"line":12,"column":2},"end":{"line":14,"column":3}},"type":"if","locations":[{"start":{"line":12,"column":2},"end":{"line":14,"column":3}},{"start":{},"end":{}}],"line":12},"1":{"loc":{"start":{"line":41,"column":2},"end":{"line":43,"column":3}},"type":"if","locations":[{"start":{"line":41,"column":2},"end":{"line":43,"column":3}},{"start":{},"end":{}}],"line":41},"2":{"loc":{"start":{"line":51,"column":2},"end":{"line":53,"column":3}},"type":"if","locations":[{"start":{"line":51,"column":2},"end":{"line":53,"column":3}},{"start":{},"end":{}}],"line":51},"3":{"loc":{"start":{"line":55,"column":2},"end":{"line":57,"column":3}},"type":"if","locations":[{"start":{"line":55,"column":2},"end":{"line":57,"column":3}},{"start":{},"end":{}}],"line":55},"4":{"loc":{"start":{"line":61,"column":2},"end":{"line":63,"column":3}},"type":"if","locations":[{"start":{"line":61,"column":2},"end":{"line":63,"column":3}},{"start":{},"end":{}}],"line":61},"5":{"loc":{"start":{"line":75,"column":2},"end":{"line":77,"column":3}},"type":"if","locations":[{"start":{"line":75,"column":2},"end":{"line":77,"column":3}},{"start":{},"end":{}}],"line":75},"6":{"loc":{"start":{"line":75,"column":6},"end":{"line":75,"column":32}},"type":"binary-expr","locations":[{"start":{"line":75,"column":6},"end":{"line":75,"column":16}},{"start":{"line":75,"column":20},"end":{"line":75,"column":32}}],"line":75},"7":{"loc":{"start":{"line":88,"column":2},"end":{"line":90,"column":3}},"type":"if","locations":[{"start":{"line":88,"column":2},"end":{"line":90,"column":3}},{"start":{},"end":{}}],"line":88}},"s":{"0":1,"1":1,"2":1,"3":1,"4":1,"5":1,"6":1,"7":1,"8":0,"9":1,"10":1,"11":1,"12":1,"13":1,"14":0,"15":0,"16":0,"17":0,"18":5,"19":5,"20":0,"21":5,"22":0,"23":5,"24":5,"25":0,"26":5,"27":5,"28":5,"29":2,"30":2,"31":2,"32":1,"33":1,"34":1,"35":1,"36":1,"37":1,"38":0,"39":1,"40":1},"f":{"0":1,"1":0,"2":5,"3":2,"4":1},"b":{"0":[0,1],"1":[0,0],"2":[0,5],"3":[0,5],"4":[0,5],"5":[1,1],"6":[2,2],"7":[0,1]},"_coverageSchema":"1a1c01bbd47fc00a2c39e90264f33305004495a9","hash":"27f44d1ae17d938836e6af276f9197083eecad42"}
,"C:\\Users\\frend\\VSCodeProjects\\TechMagic\\Ordify\\ordify-backend\\services\\customer.service.js": {"path":"C:\\Users\\frend\\VSCodeProjects\\TechMagic\\Ordify\\ordify-backend\\services\\customer.service.js","statementMap":{"0":{"start":{"line":1,"column":22},"end":{"line":1,"column":57}},"1":{"start":{"line":5,"column":2},"end":{"line":5,"column":36}},"2":{"start":{"line":9,"column":19},"end":{"line":9,"column":51}},"3":{"start":{"line":10,"column":2},"end":{"line":10,"column":18}},"4":{"start":{"line":14,"column":23},"end":{"line":14,"column":75}},"5":{"start":{"line":16,"column":2},"end":{"line":18,"column":3}},"6":{"start":{"line":17,"column":3},"end":{"line":17,"column":56}},"7":{"start":{"line":20,"column":2},"end":{"line":20,"column":46}},"8":{"start":{"line":24,"column":2},"end":{"line":28,"column":4}},"9":{"start":{"line":32,"column":2},"end":{"line":32,"column":59}},"10":{"start":{"line":36,"column":0},"end":{"line":36,"column":39}}},"fnMap":{"0":{"name":"(anonymous_0)","decl":{"start":{"line":4,"column":1},"end":{"line":4,"column":2}},"loc":{"start":{"line":4,"column":16},"end":{"line":6,"column":2}},"line":4},"1":{"name":"(anonymous_1)","decl":{"start":{"line":8,"column":1},"end":{"line":8,"column":2}},"loc":{"start":{"line":8,"column":19},"end":{"line":11,"column":2}},"line":8},"2":{"name":"(anonymous_2)","decl":{"start":{"line":13,"column":1},"end":{"line":13,"column":2}},"loc":{"start":{"line":13,"column":24},"end":{"line":21,"column":2}},"line":13},"3":{"name":"(anonymous_3)","decl":{"start":{"line":23,"column":1},"end":{"line":23,"column":2}},"loc":{"start":{"line":23,"column":49},"end":{"line":29,"column":2}},"line":23},"4":{"name":"(anonymous_4)","decl":{"start":{"line":31,"column":1},"end":{"line":31,"column":2}},"loc":{"start":{"line":31,"column":26},"end":{"line":33,"column":2}},"line":31}},"branchMap":{"0":{"loc":{"start":{"line":16,"column":2},"end":{"line":18,"column":3}},"type":"if","locations":[{"start":{"line":16,"column":2},"end":{"line":18,"column":3}},{"start":{},"end":{}}],"line":16}},"s":{"0":1,"1":0,"2":0,"3":0,"4":1,"5":1,"6":0,"7":1,"8":0,"9":1,"10":1},"f":{"0":0,"1":0,"2":1,"3":0,"4":1},"b":{"0":[0,1]},"_coverageSchema":"1a1c01bbd47fc00a2c39e90264f33305004495a9","hash":"526c9d4a6ae84f16150c65971e2876978678215b"}
,"C:\\Users\\frend\\VSCodeProjects\\TechMagic\\Ordify\\ordify-backend\\services\\order.service.js": {"path":"C:\\Users\\frend\\VSCodeProjects\\TechMagic\\Ordify\\ordify-backend\\services\\order.service.js","statementMap":{"0":{"start":{"line":1,"column":21},"end":{"line":1,"column":59}},"1":{"start":{"line":2,"column":19},"end":{"line":2,"column":51}},"2":{"start":{"line":3,"column":23},"end":{"line":3,"column":51}},"3":{"start":{"line":7,"column":2},"end":{"line":7,"column":74}},"4":{"start":{"line":11,"column":16},"end":{"line":14,"column":24}},"5":{"start":{"line":15,"column":2},"end":{"line":15,"column":15}},"6":{"start":{"line":19,"column":18},"end":{"line":19,"column":57}},"7":{"start":{"line":20,"column":26},"end":{"line":20,"column":59}},"8":{"start":{"line":22,"column":2},"end":{"line":24,"column":3}},"9":{"start":{"line":23,"column":3},"end":{"line":23,"column":74}},"10":{"start":{"line":26,"column":2},"end":{"line":28,"column":3}},"11":{"start":{"line":27,"column":3},"end":{"line":27,"column":77}},"12":{"start":{"line":30,"column":23},"end":{"line":34,"column":4}},"13":{"start":{"line":36,"column":2},"end":{"line":36,"column":68}},"14":{"start":{"line":38,"column":2},"end":{"line":38,"column":22}},"15":{"start":{"line":42,"column":2},"end":{"line":44,"column":5}},"16":{"start":{"line":48,"column":2},"end":{"line":48,"column":53}},"17":{"start":{"line":52,"column":0},"end":{"line":52,"column":36}}},"fnMap":{"0":{"name":"(anonymous_0)","decl":{"start":{"line":6,"column":1},"end":{"line":6,"column":2}},"loc":{"start":{"line":6,"column":16},"end":{"line":8,"column":2}},"line":6},"1":{"name":"(anonymous_1)","decl":{"start":{"line":10,"column":1},"end":{"line":10,"column":2}},"loc":{"start":{"line":10,"column":19},"end":{"line":16,"column":2}},"line":10},"2":{"name":"(anonymous_2)","decl":{"start":{"line":18,"column":1},"end":{"line":18,"column":2}},"loc":{"start":{"line":18,"column":44},"end":{"line":39,"column":2}},"line":18},"3":{"name":"(anonymous_3)","decl":{"start":{"line":41,"column":1},"end":{"line":41,"column":2}},"loc":{"start":{"line":41,"column":43},"end":{"line":45,"column":2}},"line":41},"4":{"name":"(anonymous_4)","decl":{"start":{"line":47,"column":1},"end":{"line":47,"column":2}},"loc":{"start":{"line":47,"column":23},"end":{"line":49,"column":2}},"line":47}},"branchMap":{"0":{"loc":{"start":{"line":22,"column":2},"end":{"line":24,"column":3}},"type":"if","locations":[{"start":{"line":22,"column":2},"end":{"line":24,"column":3}},{"start":{},"end":{}}],"line":22},"1":{"loc":{"start":{"line":26,"column":2},"end":{"line":28,"column":3}},"type":"if","locations":[{"start":{"line":26,"column":2},"end":{"line":28,"column":3}},{"start":{},"end":{}}],"line":26}},"s":{"0":1,"1":1,"2":1,"3":0,"4":1,"5":1,"6":4,"7":4,"8":4,"9":0,"10":4,"11":1,"12":3,"13":3,"14":3,"15":0,"16":0,"17":1},"f":{"0":0,"1":1,"2":4,"3":0,"4":0},"b":{"0":[0,4],"1":[1,3]},"_coverageSchema":"1a1c01bbd47fc00a2c39e90264f33305004495a9","hash":"bd0b3b6efbc5e15a00a093e5ee98ab56f008389a"}
,"C:\\Users\\frend\\VSCodeProjects\\TechMagic\\Ordify\\ordify-backend\\services\\product.service.js": {"path":"C:\\Users\\frend\\VSCodeProjects\\TechMagic\\Ordify\\ordify-backend\\services\\product.service.js","statementMap":{"0":{"start":{"line":1,"column":21},"end":{"line":1,"column":59}},"1":{"start":{"line":2,"column":21},"end":{"line":2,"column":55}},"2":{"start":{"line":6,"column":2},"end":{"line":6,"column":24}},"3":{"start":{"line":7,"column":2},"end":{"line":7,"column":32}},"4":{"start":{"line":9,"column":19},"end":{"line":9,"column":51}},"5":{"start":{"line":10,"column":2},"end":{"line":10,"column":33}},"6":{"start":{"line":10,"column":18},"end":{"line":10,"column":33}},"7":{"start":{"line":11,"column":2},"end":{"line":11,"column":40}},"8":{"start":{"line":11,"column":18},"end":{"line":11,"column":40}},"9":{"start":{"line":13,"column":19},"end":{"line":13,"column":21}},"10":{"start":{"line":15,"column":2},"end":{"line":24,"column":3}},"11":{"start":{"line":16,"column":3},"end":{"line":23,"column":6}},"12":{"start":{"line":26,"column":19},"end":{"line":45,"column":3}},"13":{"start":{"line":46,"column":2},"end":{"line":46,"column":29}},"14":{"start":{"line":48,"column":27},"end":{"line":48,"column":65}},"15":{"start":{"line":49,"column":21},"end":{"line":49,"column":66}},"16":{"start":{"line":51,"column":2},"end":{"line":54,"column":3}},"17":{"start":{"line":52,"column":22},"end":{"line":52,"column":67}},"18":{"start":{"line":53,"column":3},"end":{"line":53,"column":32}},"19":{"start":{"line":56,"column":19},"end":{"line":56,"column":57}},"20":{"start":{"line":58,"column":2},"end":{"line":58,"column":74}},"21":{"start":{"line":62,"column":18},"end":{"line":62,"column":49}},"22":{"start":{"line":63,"column":2},"end":{"line":63,"column":17}},"23":{"start":{"line":67,"column":15},"end":{"line":67,"column":65}},"24":{"start":{"line":69,"column":2},"end":{"line":73,"column":3}},"25":{"start":{"line":70,"column":3},"end":{"line":72,"column":5}},"26":{"start":{"line":75,"column":2},"end":{"line":77,"column":3}},"27":{"start":{"line":76,"column":3},"end":{"line":76,"column":73}},"28":{"start":{"line":79,"column":2},"end":{"line":79,"column":44}},"29":{"start":{"line":83,"column":15},"end":{"line":85,"column":4}},"30":{"start":{"line":87,"column":2},"end":{"line":89,"column":3}},"31":{"start":{"line":88,"column":3},"end":{"line":88,"column":73}},"32":{"start":{"line":91,"column":2},"end":{"line":95,"column":4}},"33":{"start":{"line":99,"column":2},"end":{"line":103,"column":4}},"34":{"start":{"line":107,"column":2},"end":{"line":111,"column":4}},"35":{"start":{"line":115,"column":2},"end":{"line":119,"column":4}},"36":{"start":{"line":123,"column":2},"end":{"line":123,"column":65}},"37":{"start":{"line":127,"column":0},"end":{"line":127,"column":38}}},"fnMap":{"0":{"name":"(anonymous_0)","decl":{"start":{"line":5,"column":1},"end":{"line":5,"column":2}},"loc":{"start":{"line":5,"column":51},"end":{"line":59,"column":2}},"line":5},"1":{"name":"(anonymous_1)","decl":{"start":{"line":61,"column":1},"end":{"line":61,"column":2}},"loc":{"start":{"line":61,"column":19},"end":{"line":64,"column":2}},"line":61},"2":{"name":"(anonymous_2)","decl":{"start":{"line":66,"column":1},"end":{"line":66,"column":2}},"loc":{"start":{"line":66,"column":23},"end":{"line":80,"column":2}},"line":66},"3":{"name":"(anonymous_3)","decl":{"start":{"line":82,"column":1},"end":{"line":82,"column":2}},"loc":{"start":{"line":82,"column":47},"end":{"line":96,"column":2}},"line":82},"4":{"name":"(anonymous_4)","decl":{"start":{"line":98,"column":1},"end":{"line":98,"column":2}},"loc":{"start":{"line":98,"column":50},"end":{"line":104,"column":2}},"line":98},"5":{"name":"(anonymous_5)","decl":{"start":{"line":106,"column":1},"end":{"line":106,"column":2}},"loc":{"start":{"line":106,"column":52},"end":{"line":112,"column":2}},"line":106},"6":{"name":"(anonymous_6)","decl":{"start":{"line":114,"column":1},"end":{"line":114,"column":2}},"loc":{"start":{"line":114,"column":57},"end":{"line":120,"column":2}},"line":114},"7":{"name":"(anonymous_7)","decl":{"start":{"line":122,"column":1},"end":{"line":122,"column":2}},"loc":{"start":{"line":122,"column":25},"end":{"line":124,"column":2}},"line":122}},"branchMap":{"0":{"loc":{"start":{"line":5,"column":26},"end":{"line":5,"column":34}},"type":"default-arg","locations":[{"start":{"line":5,"column":33},"end":{"line":5,"column":34}}],"line":5},"1":{"loc":{"start":{"line":5,"column":36},"end":{"line":5,"column":49}},"type":"default-arg","locations":[{"start":{"line":5,"column":47},"end":{"line":5,"column":49}}],"line":5},"2":{"loc":{"start":{"line":10,"column":2},"end":{"line":10,"column":33}},"type":"if","locations":[{"start":{"line":10,"column":2},"end":{"line":10,"column":33}},{"start":{},"end":{}}],"line":10},"3":{"loc":{"start":{"line":11,"column":2},"end":{"line":11,"column":40}},"type":"if","locations":[{"start":{"line":11,"column":2},"end":{"line":11,"column":40}},{"start":{},"end":{}}],"line":11},"4":{"loc":{"start":{"line":15,"column":2},"end":{"line":24,"column":3}},"type":"if","locations":[{"start":{"line":15,"column":2},"end":{"line":24,"column":3}},{"start":{},"end":{}}],"line":15},"5":{"loc":{"start":{"line":15,"column":6},"end":{"line":15,"column":49}},"type":"binary-expr","locations":[{"start":{"line":15,"column":6},"end":{"line":15,"column":35}},{"start":{"line":15,"column":39},"end":{"line":15,"column":49}}],"line":15},"6":{"loc":{"start":{"line":51,"column":2},"end":{"line":54,"column":3}},"type":"if","locations":[{"start":{"line":51,"column":2},"end":{"line":54,"column":3}},{"start":{},"end":{}}],"line":51},"7":{"loc":{"start":{"line":51,"column":6},"end":{"line":51,"column":50}},"type":"binary-expr","locations":[{"start":{"line":51,"column":6},"end":{"line":51,"column":24}},{"start":{"line":51,"column":28},"end":{"line":51,"column":50}}],"line":51},"8":{"loc":{"start":{"line":69,"column":2},"end":{"line":73,"column":3}},"type":"if","locations":[{"start":{"line":69,"column":2},"end":{"line":73,"column":3}},{"start":{},"end":{}}],"line":69},"9":{"loc":{"start":{"line":69,"column":6},"end":{"line":69,"column":27}},"type":"binary-expr","locations":[{"start":{"line":69,"column":6},"end":{"line":69,"column":19}},{"start":{"line":69,"column":23},"end":{"line":69,"column":27}}],"line":69},"10":{"loc":{"start":{"line":75,"column":2},"end":{"line":77,"column":3}},"type":"if","locations":[{"start":{"line":75,"column":2},"end":{"line":77,"column":3}},{"start":{},"end":{}}],"line":75},"11":{"loc":{"start":{"line":87,"column":2},"end":{"line":89,"column":3}},"type":"if","locations":[{"start":{"line":87,"column":2},"end":{"line":89,"column":3}},{"start":{},"end":{}}],"line":87}},"s":{"0":1,"1":1,"2":0,"3":0,"4":0,"5":0,"6":0,"7":0,"8":0,"9":0,"10":0,"11":0,"12":0,"13":0,"14":0,"15":0,"16":0,"17":0,"18":0,"19":0,"20":0,"21":5,"22":5,"23":1,"24":1,"25":0,"26":1,"27":0,"28":1,"29":0,"30":0,"31":0,"32":0,"33":3,"34":0,"35":0,"36":1,"37":1},"f":{"0":0,"1":5,"2":1,"3":0,"4":3,"5":0,"6":0,"7":1},"b":{"0":[0],"1":[0],"2":[0,0],"3":[0,0],"4":[0,0],"5":[0,0],"6":[0,0],"7":[0,0],"8":[0,1],"9":[1,0],"10":[0,1],"11":[0,0]},"_coverageSchema":"1a1c01bbd47fc00a2c39e90264f33305004495a9","hash":"cca0fb6ba5b697d47cce83331375715847af1f61"}
,"C:\\Users\\frend\\VSCodeProjects\\TechMagic\\Ordify\\ordify-backend\\services\\statistics.service.js": {"path":"C:\\Users\\frend\\VSCodeProjects\\TechMagic\\Ordify\\ordify-backend\\services\\statistics.service.js","statementMap":{"0":{"start":{"line":1,"column":21},"end":{"line":1,"column":47}},"1":{"start":{"line":2,"column":23},"end":{"line":2,"column":51}},"2":{"start":{"line":3,"column":24},"end":{"line":3,"column":53}},"3":{"start":{"line":7,"column":17},"end":{"line":7,"column":44}},"4":{"start":{"line":8,"column":20},"end":{"line":8,"column":50}},"5":{"start":{"line":9,"column":22},"end":{"line":9,"column":51}},"6":{"start":{"line":11,"column":25},"end":{"line":11,"column":26}},"7":{"start":{"line":13,"column":2},"end":{"line":15,"column":5}},"8":{"start":{"line":14,"column":3},"end":{"line":14,"column":35}},"9":{"start":{"line":17,"column":2},"end":{"line":35,"column":4}},"10":{"start":{"line":39,"column":0},"end":{"line":39,"column":41}}},"fnMap":{"0":{"name":"(anonymous_0)","decl":{"start":{"line":6,"column":1},"end":{"line":6,"column":2}},"loc":{"start":{"line":6,"column":17},"end":{"line":36,"column":2}},"line":6},"1":{"name":"(anonymous_1)","decl":{"start":{"line":13,"column":17},"end":{"line":13,"column":18}},"loc":{"start":{"line":13,"column":26},"end":{"line":15,"column":3}},"line":13}},"branchMap":{},"s":{"0":1,"1":1,"2":1,"3":0,"4":0,"5":0,"6":0,"7":0,"8":0,"9":0,"10":1},"f":{"0":0,"1":0},"b":{},"_coverageSchema":"1a1c01bbd47fc00a2c39e90264f33305004495a9","hash":"13a565e243486f0cdc452868e8ac20f2c0e2d7fd"}
,"C:\\Users\\frend\\VSCodeProjects\\TechMagic\\Ordify\\ordify-backend\\services\\token.service.js": {"path":"C:\\Users\\frend\\VSCodeProjects\\TechMagic\\Ordify\\ordify-backend\\services\\token.service.js","statementMap":{"0":{"start":{"line":1,"column":12},"end":{"line":1,"column":35}},"1":{"start":{"line":2,"column":19},"end":{"line":2,"column":51}},"2":{"start":{"line":6,"column":23},"end":{"line":8,"column":4}},"3":{"start":{"line":9,"column":22},"end":{"line":11,"column":4}},"4":{"start":{"line":13,"column":2},"end":{"line":13,"column":39}},"5":{"start":{"line":17,"column":20},"end":{"line":17,"column":62}},"6":{"start":{"line":19,"column":2},"end":{"line":24,"column":3}},"7":{"start":{"line":20,"column":3},"end":{"line":23,"column":5}},"8":{"start":{"line":26,"column":2},"end":{"line":29,"column":5}},"9":{"start":{"line":33,"column":2},"end":{"line":38,"column":3}},"10":{"start":{"line":34,"column":21},"end":{"line":34,"column":70}},"11":{"start":{"line":35,"column":3},"end":{"line":35,"column":20}},"12":{"start":{"line":37,"column":3},"end":{"line":37,"column":15}},"13":{"start":{"line":42,"column":2},"end":{"line":47,"column":3}},"14":{"start":{"line":43,"column":21},"end":{"line":43,"column":69}},"15":{"start":{"line":44,"column":3},"end":{"line":44,"column":20}},"16":{"start":{"line":46,"column":3},"end":{"line":46,"column":15}},"17":{"start":{"line":51,"column":2},"end":{"line":51,"column":68}},"18":{"start":{"line":55,"column":2},"end":{"line":55,"column":53}},"19":{"start":{"line":59,"column":0},"end":{"line":59,"column":36}}},"fnMap":{"0":{"name":"(anonymous_0)","decl":{"start":{"line":5,"column":1},"end":{"line":5,"column":2}},"loc":{"start":{"line":5,"column":20},"end":{"line":14,"column":2}},"line":5},"1":{"name":"(anonymous_1)","decl":{"start":{"line":16,"column":1},"end":{"line":16,"column":2}},"loc":{"start":{"line":16,"column":46},"end":{"line":30,"column":2}},"line":16},"2":{"name":"(anonymous_2)","decl":{"start":{"line":32,"column":1},"end":{"line":32,"column":2}},"loc":{"start":{"line":32,"column":29},"end":{"line":39,"column":2}},"line":32},"3":{"name":"(anonymous_3)","decl":{"start":{"line":41,"column":1},"end":{"line":41,"column":2}},"loc":{"start":{"line":41,"column":28},"end":{"line":48,"column":2}},"line":41},"4":{"name":"(anonymous_4)","decl":{"start":{"line":50,"column":1},"end":{"line":50,"column":2}},"loc":{"start":{"line":50,"column":33},"end":{"line":52,"column":2}},"line":50},"5":{"name":"(anonymous_5)","decl":{"start":{"line":54,"column":1},"end":{"line":54,"column":2}},"loc":{"start":{"line":54,"column":31},"end":{"line":56,"column":2}},"line":54}},"branchMap":{"0":{"loc":{"start":{"line":19,"column":2},"end":{"line":24,"column":3}},"type":"if","locations":[{"start":{"line":19,"column":2},"end":{"line":24,"column":3}},{"start":{},"end":{}}],"line":19}},"s":{"0":1,"1":1,"2":6,"3":6,"4":6,"5":6,"6":6,"7":1,"8":5,"9":2,"10":2,"11":2,"12":0,"13":1,"14":1,"15":1,"16":0,"17":1,"18":2,"19":1},"f":{"0":6,"1":6,"2":2,"3":1,"4":1,"5":2},"b":{"0":[1,5]},"_coverageSchema":"1a1c01bbd47fc00a2c39e90264f33305004495a9","hash":"432252c645e2b7593a1e55480b605bc0a3b82879"}
,"C:\\Users\\frend\\VSCodeProjects\\TechMagic\\Ordify\\ordify-backend\\services\\user.service.js": {"path":"C:\\Users\\frend\\VSCodeProjects\\TechMagic\\Ordify\\ordify-backend\\services\\user.service.js","statementMap":{"0":{"start":{"line":1,"column":18},"end":{"line":1,"column":49}},"1":{"start":{"line":5,"column":2},"end":{"line":5,"column":32}},"2":{"start":{"line":9,"column":0},"end":{"line":9,"column":35}}},"fnMap":{"0":{"name":"(anonymous_0)","decl":{"start":{"line":4,"column":1},"end":{"line":4,"column":2}},"loc":{"start":{"line":4,"column":18},"end":{"line":6,"column":2}},"line":4}},"branchMap":{},"s":{"0":1,"1":0,"2":1},"f":{"0":0},"b":{},"_coverageSchema":"1a1c01bbd47fc00a2c39e90264f33305004495a9","hash":"f9fa2a4cf96e973d7d375875105270b046ddf0e2"}
,"C:\\Users\\frend\\VSCodeProjects\\TechMagic\\Ordify\\ordify-backend\\tests\\app.js": {"path":"C:\\Users\\frend\\VSCodeProjects\\TechMagic\\Ordify\\ordify-backend\\tests\\app.js","statementMap":{"0":{"start":{"line":1,"column":16},"end":{"line":1,"column":34}},"1":{"start":{"line":2,"column":21},"end":{"line":2,"column":45}},"2":{"start":{"line":3,"column":15},"end":{"line":3,"column":42}},"3":{"start":{"line":4,"column":24},"end":{"line":4,"column":66}},"4":{"start":{"line":6,"column":18},"end":{"line":13,"column":1}},"5":{"start":{"line":7,"column":13},"end":{"line":7,"column":22}},"6":{"start":{"line":8,"column":1},"end":{"line":8,"column":25}},"7":{"start":{"line":9,"column":1},"end":{"line":9,"column":25}},"8":{"start":{"line":10,"column":1},"end":{"line":10,"column":22}},"9":{"start":{"line":11,"column":1},"end":{"line":11,"column":26}},"10":{"start":{"line":12,"column":1},"end":{"line":12,"column":12}},"11":{"start":{"line":15,"column":0},"end":{"line":15,"column":27}}},"fnMap":{"0":{"name":"(anonymous_0)","decl":{"start":{"line":6,"column":18},"end":{"line":6,"column":19}},"loc":{"start":{"line":6,"column":24},"end":{"line":13,"column":1}},"line":6}},"branchMap":{},"s":{"0":1,"1":1,"2":1,"3":1,"4":1,"5":1,"6":1,"7":1,"8":1,"9":1,"10":1,"11":1},"f":{"0":1},"b":{},"_coverageSchema":"1a1c01bbd47fc00a2c39e90264f33305004495a9","hash":"cd792080ecd4d82118140390d3b130c33acb5389"}
,"C:\\Users\\frend\\VSCodeProjects\\TechMagic\\Ordify\\ordify-backend\\tests\\setup.js": {"path":"C:\\Users\\frend\\VSCodeProjects\\TechMagic\\Ordify\\ordify-backend\\tests\\setup.js","statementMap":{"0":{"start":{"line":1,"column":30},"end":{"line":1,"column":62}},"1":{"start":{"line":2,"column":17},"end":{"line":2,"column":36}},"2":{"start":{"line":6,"column":0},"end":{"line":10,"column":2}},"3":{"start":{"line":7,"column":1},"end":{"line":7,"column":48}},"4":{"start":{"line":8,"column":13},"end":{"line":8,"column":33}},"5":{"start":{"line":9,"column":1},"end":{"line":9,"column":29}},"6":{"start":{"line":12,"column":0},"end":{"line":16,"column":2}},"7":{"start":{"line":13,"column":1},"end":{"line":13,"column":42}},"8":{"start":{"line":14,"column":1},"end":{"line":14,"column":35}},"9":{"start":{"line":15,"column":1},"end":{"line":15,"column":26}},"10":{"start":{"line":18,"column":0},"end":{"line":24,"column":2}},"11":{"start":{"line":19,"column":21},"end":{"line":19,"column":52}},"12":{"start":{"line":20,"column":1},"end":{"line":23,"column":2}},"13":{"start":{"line":21,"column":21},"end":{"line":21,"column":37}},"14":{"start":{"line":22,"column":2},"end":{"line":22,"column":34}}},"fnMap":{"0":{"name":"(anonymous_0)","decl":{"start":{"line":6,"column":25},"end":{"line":6,"column":26}},"loc":{"start":{"line":6,"column":37},"end":{"line":10,"column":1}},"line":6},"1":{"name":"(anonymous_1)","decl":{"start":{"line":12,"column":31},"end":{"line":12,"column":32}},"loc":{"start":{"line":12,"column":43},"end":{"line":16,"column":1}},"line":12},"2":{"name":"(anonymous_2)","decl":{"start":{"line":18,"column":31},"end":{"line":18,"column":32}},"loc":{"start":{"line":18,"column":43},"end":{"line":24,"column":1}},"line":18}},"branchMap":{},"s":{"0":1,"1":1,"2":1,"3":1,"4":1,"5":1,"6":1,"7":1,"8":1,"9":1,"10":1,"11":5,"12":5,"13":25,"14":25},"f":{"0":1,"1":1,"2":5},"b":{},"_coverageSchema":"1a1c01bbd47fc00a2c39e90264f33305004495a9","hash":"25449c3ae523ef94ff6b2462753d9647f0b5995b"}
}
