TN:
SF:controllers\auth.controller.js
FN:6,(anonymous_0)
FN:21,(anonymous_1)
FN:31,(anonymous_2)
FN:47,(anonymous_3)
FN:63,(anonymous_4)
FNF:5
FNH:4
FNDA:1,(anonymous_0)
FNDA:0,(anonymous_1)
FNDA:5,(anonymous_2)
FNDA:2,(anonymous_3)
FNDA:1,(anonymous_4)
DA:1,1
DA:2,1
DA:3,1
DA:7,1
DA:8,1
DA:9,1
DA:10,0
DA:13,1
DA:14,1
DA:15,1
DA:17,0
DA:22,0
DA:23,0
DA:24,0
DA:25,0
DA:27,0
DA:32,5
DA:33,5
DA:34,5
DA:35,5
DA:41,5
DA:43,0
DA:48,2
DA:49,2
DA:50,2
DA:51,1
DA:57,1
DA:59,1
DA:64,1
DA:65,1
DA:66,1
DA:67,1
DA:68,1
DA:70,0
DA:75,1
LF:35
LH:26
BRDA:9,0,0,0
BRDA:9,0,1,1
BRF:2
BRH:1
end_of_record
TN:
SF:controllers\customer.controller.js
FN:6,(anonymous_0)
FN:15,(anonymous_1)
FN:30,(anonymous_2)
FN:45,(anonymous_3)
FN:64,(anonymous_4)
FNF:5
FNH:2
FNDA:0,(anonymous_0)
FNDA:0,(anonymous_1)
FNDA:1,(anonymous_2)
FNDA:0,(anonymous_3)
FNDA:1,(anonymous_4)
DA:1,1
DA:2,1
DA:3,1
DA:7,0
DA:8,0
DA:9,0
DA:11,0
DA:16,0
DA:17,0
DA:18,0
DA:20,0
DA:21,0
DA:24,0
DA:26,0
DA:31,1
DA:32,1
DA:33,1
DA:34,0
DA:37,1
DA:38,1
DA:39,1
DA:41,0
DA:46,0
DA:47,0
DA:48,0
DA:49,0
DA:54,0
DA:55,0
DA:58,0
DA:60,0
DA:65,1
DA:66,1
DA:67,1
DA:69,1
DA:70,0
DA:73,1
DA:75,0
DA:80,1
LF:38
LH:15
BRDA:20,0,0,0
BRDA:20,0,1,0
BRDA:33,1,0,0
BRDA:33,1,1,1
BRDA:54,2,0,0
BRDA:54,2,1,0
BRDA:69,3,0,0
BRDA:69,3,1,1
BRF:8
BRH:2
end_of_record
TN:
SF:controllers\order.controller.js
FN:6,(anonymous_0)
FN:15,(anonymous_1)
FN:30,(anonymous_2)
FN:51,(anonymous_3)
FN:70,(anonymous_4)
FNF:5
FNH:2
FNDA:0,(anonymous_0)
FNDA:1,(anonymous_1)
FNDA:4,(anonymous_2)
FNDA:0,(anonymous_3)
FNDA:0,(anonymous_4)
DA:1,1
DA:2,1
DA:3,1
DA:7,0
DA:8,0
DA:9,0
DA:11,0
DA:16,1
DA:17,1
DA:18,1
DA:20,1
DA:21,0
DA:24,1
DA:26,0
DA:31,4
DA:32,4
DA:33,4
DA:34,0
DA:37,4
DA:39,4
DA:40,4
DA:45,3
DA:47,1
DA:52,0
DA:53,0
DA:54,0
DA:55,0
DA:60,0
DA:61,0
DA:64,0
DA:66,0
DA:71,0
DA:72,0
DA:73,0
DA:75,0
DA:76,0
DA:79,0
DA:81,0
DA:86,1
LF:39
LH:17
BRDA:20,0,0,0
BRDA:20,0,1,1
BRDA:33,1,0,0
BRDA:33,1,1,4
BRDA:60,2,0,0
BRDA:60,2,1,0
BRDA:75,3,0,0
BRDA:75,3,1,0
BRF:8
BRH:2
end_of_record
TN:
SF:controllers\product.controller.js
FN:6,(anonymous_0)
FN:16,(anonymous_1)
FN:31,(anonymous_2)
FN:46,(anonymous_3)
FN:71,(anonymous_4)
FN:96,(anonymous_5)
FN:120,(anonymous_6)
FNF:7
FNH:3
FNDA:0,(anonymous_0)
FNDA:1,(anonymous_1)
FNDA:1,(anonymous_2)
FNDA:0,(anonymous_3)
FNDA:0,(anonymous_4)
FNDA:0,(anonymous_5)
FNDA:1,(anonymous_6)
DA:1,1
DA:2,1
DA:3,1
DA:7,0
DA:8,0
DA:9,0
DA:10,0
DA:12,0
DA:17,1
DA:18,1
DA:19,1
DA:21,1
DA:22,0
DA:25,1
DA:27,0
DA:32,1
DA:33,1
DA:34,1
DA:35,0
DA:38,1
DA:39,1
DA:40,1
DA:42,0
DA:47,0
DA:48,0
DA:49,0
DA:50,0
DA:53,0
DA:54,0
DA:56,0
DA:61,0
DA:62,0
DA:65,0
DA:67,0
DA:72,0
DA:73,0
DA:74,0
DA:75,0
DA:78,0
DA:79,0
DA:81,0
DA:86,0
DA:87,0
DA:90,0
DA:92,0
DA:97,0
DA:98,0
DA:99,0
DA:100,0
DA:103,0
DA:104,0
DA:106,0
DA:110,0
DA:111,0
DA:114,0
DA:116,0
DA:121,1
DA:122,1
DA:123,1
DA:125,1
DA:126,0
DA:129,1
DA:131,0
DA:136,1
LF:64
LH:20
BRDA:21,0,0,0
BRDA:21,0,1,1
BRDA:34,1,0,0
BRDA:34,1,1,1
BRDA:49,2,0,0
BRDA:49,2,1,0
BRDA:61,3,0,0
BRDA:61,3,1,0
BRDA:74,4,0,0
BRDA:74,4,1,0
BRDA:86,5,0,0
BRDA:86,5,1,0
BRDA:99,6,0,0
BRDA:99,6,1,0
BRDA:110,7,0,0
BRDA:110,7,1,0
BRDA:125,8,0,0
BRDA:125,8,1,1
BRF:18
BRH:3
end_of_record
TN:
SF:controllers\statistics.controller.js
FN:4,(anonymous_0)
FNF:1
FNH:0
FNDA:0,(anonymous_0)
DA:1,1
DA:5,0
DA:6,0
DA:7,0
DA:9,0
DA:14,1
LF:6
LH:2
BRF:0
BRH:0
end_of_record
TN:
SF:controllers\user.controller.js
FN:4,(anonymous_0)
FNF:1
FNH:0
FNDA:0,(anonymous_0)
DA:1,1
DA:5,0
DA:6,0
DA:7,0
DA:9,0
DA:14,1
LF:6
LH:2
BRF:0
BRH:0
end_of_record
TN:
SF:exceptions\api.exception.js
FN:5,(anonymous_0)
FN:11,(anonymous_1)
FN:15,(anonymous_2)
FN:19,(anonymous_3)
FNF:4
FNH:3
FNDA:2,(anonymous_0)
FNDA:0,(anonymous_1)
FNDA:1,(anonymous_2)
FNDA:1,(anonymous_3)
DA:1,1
DA:6,2
DA:7,2
DA:8,2
DA:12,0
DA:16,1
DA:20,1
LF:7
LH:6
BRDA:5,0,0,1
BRDA:19,1,0,1
BRF:2
BRH:2
end_of_record
TN:
SF:middlewares\auth.middleware.js
FN:4,(anonymous_0)
FNF:1
FNH:1
FNDA:1,(anonymous_0)
DA:1,1
DA:2,1
DA:4,1
DA:5,1
DA:6,1
DA:7,1
DA:8,0
DA:11,1
DA:13,1
DA:14,0
DA:17,1
DA:19,1
DA:20,0
DA:23,1
DA:24,1
DA:26,0
LF:16
LH:12
BRDA:7,0,0,0
BRDA:7,0,1,1
BRDA:13,1,0,0
BRDA:13,1,1,1
BRDA:19,2,0,0
BRDA:19,2,1,1
BRF:6
BRH:3
end_of_record
TN:
SF:middlewares\error.middleware.js
FN:3,(anonymous_0)
FNF:1
FNH:1
FNDA:2,(anonymous_0)
DA:1,1
DA:3,1
DA:4,2
DA:5,2
DA:6,2
DA:11,0
LF:6
LH:5
BRDA:5,0,0,2
BRDA:5,0,1,0
BRDA:13,1,0,0
BRDA:13,1,1,0
BRF:4
BRH:1
end_of_record
TN:
SF:models\customer.model.js
FN:14,(anonymous_0)
FNF:1
FNH:1
FNDA:1,(anonymous_0)
DA:1,1
DA:2,1
DA:4,1
DA:14,1
DA:15,1
DA:16,1
DA:17,1
DA:20,1
LF:8
LH:8
BRF:0
BRH:0
end_of_record
TN:
SF:models\order.model.js
FNF:0
FNH:0
DA:1,1
DA:3,1
DA:16,1
LF:3
LH:3
BRF:0
BRH:0
end_of_record
TN:
SF:models\product.model.js
FN:25,(anonymous_0)
FNF:1
FNH:1
FNDA:1,(anonymous_0)
DA:1,1
DA:2,1
DA:4,1
DA:15,1
DA:25,1
DA:26,1
DA:27,1
DA:28,1
DA:31,1
LF:9
LH:9
BRF:0
BRH:0
end_of_record
TN:
SF:models\token.model.js
FNF:0
FNH:0
DA:1,1
DA:3,1
DA:8,1
LF:3
LH:3
BRF:0
BRH:0
end_of_record
TN:
SF:models\user.model.js
FNF:0
FNH:0
DA:1,1
DA:3,1
DA:10,1
LF:3
LH:3
BRF:0
BRH:0
end_of_record
TN:
SF:routes\auth.route.js
FNF:0
FNH:0
DA:1,1
DA:3,1
DA:4,1
DA:6,1
DA:34,1
DA:65,1
DA:96,1
DA:121,1
DA:156,1
DA:158,1
LF:10
LH:10
BRF:0
BRH:0
end_of_record
TN:
SF:routes\customer.route.js
FNF:0
FNH:0
DA:1,1
DA:2,1
DA:3,1
DA:4,1
DA:6,1
DA:32,1
DA:65,1
DA:97,1
DA:157,1
DA:192,1
DA:194,1
LF:11
LH:11
BRF:0
BRH:0
end_of_record
TN:
SF:routes\order.route.js
FNF:0
FNH:0
DA:1,1
DA:2,1
DA:3,1
DA:4,1
DA:6,1
DA:32,1
DA:65,1
DA:110,1
DA:164,1
DA:199,1
DA:201,1
LF:11
LH:11
BRF:0
BRH:0
end_of_record
TN:
SF:routes\product.route.js
FNF:0
FNH:0
DA:1,1
DA:2,1
DA:3,1
DA:4,1
DA:6,1
DA:30,1
DA:61,1
DA:95,1
DA:155,1
DA:198,1
DA:246,1
DA:285,1
DA:287,1
LF:13
LH:13
BRF:0
BRH:0
end_of_record
TN:
SF:routes\router.js
FNF:0
FNH:0
DA:1,1
DA:2,1
DA:3,1
DA:4,1
DA:5,1
DA:6,1
DA:7,1
DA:9,1
DA:11,1
DA:12,1
DA:13,1
DA:14,1
DA:15,1
DA:16,1
DA:18,1
LF:15
LH:15
BRF:0
BRH:0
end_of_record
TN:
SF:routes\statistics.route.js
FNF:0
FNH:0
DA:1,1
DA:2,1
DA:3,1
DA:5,1
DA:30,1
DA:32,1
LF:6
LH:6
BRF:0
BRH:0
end_of_record
TN:
SF:routes\user.route.js
FNF:0
FNH:0
DA:1,1
DA:2,1
DA:3,1
DA:5,1
DA:7,1
DA:9,1
LF:6
LH:6
BRF:0
BRH:0
end_of_record
TN:
SF:services\auth.service.js
FN:9,(anonymous_0)
FN:33,(anonymous_1)
FN:48,(anonymous_2)
FN:71,(anonymous_3)
FN:85,(anonymous_4)
FNF:5
FNH:4
FNDA:1,(anonymous_0)
FNDA:0,(anonymous_1)
FNDA:5,(anonymous_2)
FNDA:2,(anonymous_3)
FNDA:1,(anonymous_4)
DA:1,1
DA:2,1
DA:3,1
DA:4,1
DA:5,1
DA:6,1
DA:10,1
DA:12,1
DA:13,0
DA:16,1
DA:17,1
DA:19,1
DA:25,1
DA:30,1
DA:34,0
DA:41,0
DA:42,0
DA:45,0
DA:49,5
DA:51,5
DA:52,0
DA:55,5
DA:56,0
DA:59,5
DA:61,5
DA:62,0
DA:65,5
DA:66,5
DA:68,5
DA:72,2
DA:73,2
DA:75,2
DA:76,1
DA:79,1
DA:80,1
DA:82,1
DA:86,1
DA:88,1
DA:89,0
DA:92,1
DA:96,1
LF:41
LH:32
BRDA:12,0,0,0
BRDA:12,0,1,1
BRDA:41,1,0,0
BRDA:41,1,1,0
BRDA:51,2,0,0
BRDA:51,2,1,5
BRDA:55,3,0,0
BRDA:55,3,1,5
BRDA:61,4,0,0
BRDA:61,4,1,5
BRDA:75,5,0,1
BRDA:75,5,1,1
BRDA:75,6,0,2
BRDA:75,6,1,2
BRDA:88,7,0,0
BRDA:88,7,1,1
BRF:16
BRH:9
end_of_record
TN:
SF:services\customer.service.js
FN:4,(anonymous_0)
FN:8,(anonymous_1)
FN:13,(anonymous_2)
FN:23,(anonymous_3)
FN:31,(anonymous_4)
FNF:5
FNH:2
FNDA:0,(anonymous_0)
FNDA:0,(anonymous_1)
FNDA:1,(anonymous_2)
FNDA:0,(anonymous_3)
FNDA:1,(anonymous_4)
DA:1,1
DA:5,0
DA:9,0
DA:10,0
DA:14,1
DA:16,1
DA:17,0
DA:20,1
DA:24,0
DA:32,1
DA:36,1
LF:11
LH:6
BRDA:16,0,0,0
BRDA:16,0,1,1
BRF:2
BRH:1
end_of_record
TN:
SF:services\order.service.js
FN:6,(anonymous_0)
FN:10,(anonymous_1)
FN:18,(anonymous_2)
FN:41,(anonymous_3)
FN:47,(anonymous_4)
FNF:5
FNH:2
FNDA:0,(anonymous_0)
FNDA:1,(anonymous_1)
FNDA:4,(anonymous_2)
FNDA:0,(anonymous_3)
FNDA:0,(anonymous_4)
DA:1,1
DA:2,1
DA:3,1
DA:7,0
DA:11,1
DA:15,1
DA:19,4
DA:20,4
DA:22,4
DA:23,0
DA:26,4
DA:27,1
DA:30,3
DA:36,3
DA:38,3
DA:42,0
DA:48,0
DA:52,1
LF:18
LH:14
BRDA:22,0,0,0
BRDA:22,0,1,4
BRDA:26,1,0,1
BRDA:26,1,1,3
BRF:4
BRH:3
end_of_record
TN:
SF:services\product.service.js
FN:5,(anonymous_0)
FN:61,(anonymous_1)
FN:66,(anonymous_2)
FN:82,(anonymous_3)
FN:98,(anonymous_4)
FN:106,(anonymous_5)
FN:114,(anonymous_6)
FN:122,(anonymous_7)
FNF:8
FNH:4
FNDA:0,(anonymous_0)
FNDA:5,(anonymous_1)
FNDA:1,(anonymous_2)
FNDA:0,(anonymous_3)
FNDA:3,(anonymous_4)
FNDA:0,(anonymous_5)
FNDA:0,(anonymous_6)
FNDA:1,(anonymous_7)
DA:1,1
DA:2,1
DA:6,0
DA:7,0
DA:9,0
DA:10,0
DA:11,0
DA:13,0
DA:15,0
DA:16,0
DA:26,0
DA:46,0
DA:48,0
DA:49,0
DA:51,0
DA:52,0
DA:53,0
DA:56,0
DA:58,0
DA:62,5
DA:63,5
DA:67,1
DA:69,1
DA:70,0
DA:75,1
DA:76,0
DA:79,1
DA:83,0
DA:87,0
DA:88,0
DA:91,0
DA:99,3
DA:107,0
DA:115,0
DA:123,1
DA:127,1
LF:36
LH:11
BRDA:5,0,0,0
BRDA:5,1,0,0
BRDA:10,2,0,0
BRDA:10,2,1,0
BRDA:11,3,0,0
BRDA:11,3,1,0
BRDA:15,4,0,0
BRDA:15,4,1,0
BRDA:15,5,0,0
BRDA:15,5,1,0
BRDA:51,6,0,0
BRDA:51,6,1,0
BRDA:51,7,0,0
BRDA:51,7,1,0
BRDA:69,8,0,0
BRDA:69,8,1,1
BRDA:69,9,0,1
BRDA:69,9,1,0
BRDA:75,10,0,0
BRDA:75,10,1,1
BRDA:87,11,0,0
BRDA:87,11,1,0
BRF:22
BRH:3
end_of_record
TN:
SF:services\statistics.service.js
FN:6,(anonymous_0)
FN:13,(anonymous_1)
FNF:2
FNH:0
FNDA:0,(anonymous_0)
FNDA:0,(anonymous_1)
DA:1,1
DA:2,1
DA:3,1
DA:7,0
DA:8,0
DA:9,0
DA:11,0
DA:13,0
DA:14,0
DA:17,0
DA:39,1
LF:11
LH:4
BRF:0
BRH:0
end_of_record
TN:
SF:services\token.service.js
FN:5,(anonymous_0)
FN:16,(anonymous_1)
FN:32,(anonymous_2)
FN:41,(anonymous_3)
FN:50,(anonymous_4)
FN:54,(anonymous_5)
FNF:6
FNH:6
FNDA:6,(anonymous_0)
FNDA:6,(anonymous_1)
FNDA:2,(anonymous_2)
FNDA:1,(anonymous_3)
FNDA:1,(anonymous_4)
FNDA:2,(anonymous_5)
DA:1,1
DA:2,1
DA:6,6
DA:9,6
DA:13,6
DA:17,6
DA:19,6
DA:20,1
DA:26,5
DA:33,2
DA:34,2
DA:35,2
DA:37,0
DA:42,1
DA:43,1
DA:44,1
DA:46,0
DA:51,1
DA:55,2
DA:59,1
LF:20
LH:18
BRDA:19,0,0,1
BRDA:19,0,1,5
BRF:2
BRH:2
end_of_record
TN:
SF:services\user.service.js
FN:4,(anonymous_0)
FNF:1
FNH:0
FNDA:0,(anonymous_0)
DA:1,1
DA:5,0
DA:9,1
LF:3
LH:2
BRF:0
BRH:0
end_of_record
TN:
SF:tests\app.js
FN:6,(anonymous_0)
FNF:1
FNH:1
FNDA:1,(anonymous_0)
DA:1,1
DA:2,1
DA:3,1
DA:4,1
DA:6,1
DA:7,1
DA:8,1
DA:9,1
DA:10,1
DA:11,1
DA:12,1
DA:15,1
LF:12
LH:12
BRF:0
BRH:0
end_of_record
TN:
SF:tests\setup.js
FN:6,(anonymous_0)
FN:12,(anonymous_1)
FN:18,(anonymous_2)
FNF:3
FNH:3
FNDA:1,(anonymous_0)
FNDA:1,(anonymous_1)
FNDA:5,(anonymous_2)
DA:1,1
DA:2,1
DA:6,1
DA:7,1
DA:8,1
DA:9,1
DA:12,1
DA:13,1
DA:14,1
DA:15,1
DA:18,1
DA:19,5
DA:20,5
DA:21,25
DA:22,25
LF:15
LH:15
BRF:0
BRH:0
end_of_record
